{"D:\\React-2023-Q4\\pokemons\\src\\constants.tsx": {"path":"D:\\React-2023-Q4\\pokemons\\src\\constants.tsx","all":false,"statementMap":{"0":{"start":{"line":1,"column":0},"end":{"line":1,"column":32}},"1":{"start":{"line":2,"column":0},"end":{"line":2,"column":35}},"2":{"start":{"line":3,"column":0},"end":{"line":3,"column":0}},"3":{"start":{"line":4,"column":0},"end":{"line":4,"column":41}},"4":{"start":{"line":5,"column":0},"end":{"line":5,"column":67}},"5":{"start":{"line":6,"column":0},"end":{"line":6,"column":0}},"6":{"start":{"line":7,"column":0},"end":{"line":7,"column":30}},"7":{"start":{"line":8,"column":0},"end":{"line":8,"column":36}},"8":{"start":{"line":9,"column":0},"end":{"line":9,"column":38}},"9":{"start":{"line":10,"column":0},"end":{"line":10,"column":38}},"10":{"start":{"line":11,"column":0},"end":{"line":11,"column":2}}},"s":{"0":1,"1":1,"2":1,"3":1,"4":1,"5":1,"6":1,"7":1,"8":1,"9":1,"10":1},"branchMap":{},"b":{},"fnMap":{},"f":{}}
,"D:\\React-2023-Q4\\pokemons\\src\\router.tsx": {"path":"D:\\React-2023-Q4\\pokemons\\src\\router.tsx","all":false,"statementMap":{"0":{"start":{"line":1,"column":0},"end":{"line":1,"column":55}},"1":{"start":{"line":2,"column":0},"end":{"line":2,"column":32}},"2":{"start":{"line":3,"column":0},"end":{"line":3,"column":69}},"3":{"start":{"line":4,"column":0},"end":{"line":4,"column":41}},"4":{"start":{"line":5,"column":0},"end":{"line":5,"column":48}},"5":{"start":{"line":6,"column":0},"end":{"line":6,"column":0}},"6":{"start":{"line":7,"column":0},"end":{"line":7,"column":29}},"7":{"start":{"line":8,"column":0},"end":{"line":8,"column":3}},"8":{"start":{"line":9,"column":0},"end":{"line":9,"column":14}},"9":{"start":{"line":10,"column":0},"end":{"line":10,"column":22}},"10":{"start":{"line":11,"column":0},"end":{"line":11,"column":64}},"11":{"start":{"line":12,"column":0},"end":{"line":12,"column":15}},"12":{"start":{"line":13,"column":0},"end":{"line":13,"column":7}},"13":{"start":{"line":14,"column":0},"end":{"line":14,"column":17}},"14":{"start":{"line":15,"column":0},"end":{"line":15,"column":28}},"15":{"start":{"line":16,"column":0},"end":{"line":16,"column":8}},"16":{"start":{"line":17,"column":0},"end":{"line":17,"column":6}},"17":{"start":{"line":18,"column":0},"end":{"line":18,"column":4}},"18":{"start":{"line":19,"column":0},"end":{"line":19,"column":3}},"19":{"start":{"line":20,"column":0},"end":{"line":20,"column":14}},"20":{"start":{"line":21,"column":0},"end":{"line":21,"column":26}},"21":{"start":{"line":22,"column":0},"end":{"line":22,"column":4}},"22":{"start":{"line":23,"column":0},"end":{"line":23,"column":2}},"23":{"start":{"line":24,"column":0},"end":{"line":24,"column":0}},"24":{"start":{"line":25,"column":0},"end":{"line":25,"column":56}}},"s":{"0":1,"1":1,"2":1,"3":1,"4":1,"5":1,"6":1,"7":1,"8":1,"9":1,"10":1,"11":1,"12":1,"13":1,"14":1,"15":1,"16":1,"17":1,"18":1,"19":1,"20":1,"21":1,"22":1,"23":1,"24":1},"branchMap":{},"b":{},"fnMap":{},"f":{}}
,"D:\\React-2023-Q4\\pokemons\\src\\components\\button\\Button.tsx": {"path":"D:\\React-2023-Q4\\pokemons\\src\\components\\button\\Button.tsx","all":false,"statementMap":{"0":{"start":{"line":1,"column":0},"end":{"line":1,"column":38}},"1":{"start":{"line":2,"column":0},"end":{"line":2,"column":40}},"2":{"start":{"line":3,"column":0},"end":{"line":3,"column":29}},"3":{"start":{"line":4,"column":0},"end":{"line":4,"column":0}},"4":{"start":{"line":5,"column":0},"end":{"line":5,"column":55}},"5":{"start":{"line":6,"column":0},"end":{"line":6,"column":10}},"6":{"start":{"line":7,"column":0},"end":{"line":7,"column":49}},"7":{"start":{"line":8,"column":0},"end":{"line":8,"column":13}},"8":{"start":{"line":9,"column":0},"end":{"line":9,"column":13}},"9":{"start":{"line":10,"column":0},"end":{"line":10,"column":4}},"10":{"start":{"line":11,"column":0},"end":{"line":11,"column":3}},"11":{"start":{"line":12,"column":0},"end":{"line":12,"column":0}},"12":{"start":{"line":13,"column":0},"end":{"line":13,"column":22}}},"s":{"0":1,"1":1,"2":1,"3":1,"4":1,"5":6,"6":6,"7":6,"8":6,"9":6,"10":6,"11":1,"12":1},"branchMap":{"0":{"type":"branch","line":5,"loc":{"start":{"line":5,"column":20},"end":{"line":11,"column":3}},"locations":[{"start":{"line":5,"column":20},"end":{"line":11,"column":3}}]}},"b":{"0":[6]},"fnMap":{},"f":{}}
,"D:\\React-2023-Q4\\pokemons\\src\\components\\button\\index.tsx": {"path":"D:\\React-2023-Q4\\pokemons\\src\\components\\button\\index.tsx","all":false,"statementMap":{"0":{"start":{"line":1,"column":0},"end":{"line":1,"column":35}}},"s":{"0":1},"branchMap":{},"b":{},"fnMap":{},"f":{}}
,"D:\\React-2023-Q4\\pokemons\\src\\components\\detail\\Detail.tsx": {"path":"D:\\React-2023-Q4\\pokemons\\src\\components\\detail\\Detail.tsx","all":false,"statementMap":{"0":{"start":{"line":1,"column":0},"end":{"line":1,"column":66}},"1":{"start":{"line":2,"column":0},"end":{"line":2,"column":53}},"2":{"start":{"line":3,"column":0},"end":{"line":3,"column":66}},"3":{"start":{"line":4,"column":0},"end":{"line":4,"column":58}},"4":{"start":{"line":5,"column":0},"end":{"line":5,"column":0}},"5":{"start":{"line":6,"column":0},"end":{"line":6,"column":22}},"6":{"start":{"line":7,"column":0},"end":{"line":7,"column":69}},"7":{"start":{"line":8,"column":0},"end":{"line":8,"column":10}},"8":{"start":{"line":9,"column":0},"end":{"line":9,"column":69}},"9":{"start":{"line":10,"column":0},"end":{"line":10,"column":18}},"10":{"start":{"line":11,"column":0},"end":{"line":11,"column":69}},"11":{"start":{"line":12,"column":0},"end":{"line":12,"column":11}},"12":{"start":{"line":13,"column":0},"end":{"line":13,"column":13}},"13":{"start":{"line":14,"column":0},"end":{"line":14,"column":8}},"14":{"start":{"line":15,"column":0},"end":{"line":15,"column":20}},"15":{"start":{"line":16,"column":0},"end":{"line":16,"column":4}},"16":{"start":{"line":17,"column":0},"end":{"line":17,"column":2}},"17":{"start":{"line":18,"column":0},"end":{"line":18,"column":0}},"18":{"start":{"line":19,"column":0},"end":{"line":19,"column":22}}},"s":{"0":1,"1":1,"2":1,"3":1,"4":1,"5":1,"6":13,"7":13,"8":13,"9":13,"10":4,"11":9,"12":9,"13":13,"14":13,"15":13,"16":13,"17":1,"18":1},"branchMap":{"0":{"type":"branch","line":6,"loc":{"start":{"line":6,"column":15},"end":{"line":17,"column":2}},"locations":[{"start":{"line":6,"column":15},"end":{"line":17,"column":2}}]},"1":{"type":"branch","line":10,"loc":{"start":{"line":10,"column":7},"end":{"line":11,"column":69}},"locations":[{"start":{"line":10,"column":7},"end":{"line":11,"column":69}}]},"2":{"type":"branch","line":11,"loc":{"start":{"line":11,"column":67},"end":{"line":13,"column":13}},"locations":[{"start":{"line":11,"column":67},"end":{"line":13,"column":13}}]}},"b":{"0":[13],"1":[4],"2":[9]},"fnMap":{"0":{"name":"Detail","decl":{"start":{"line":6,"column":15},"end":{"line":17,"column":2}},"loc":{"start":{"line":6,"column":15},"end":{"line":17,"column":2}},"line":6}},"f":{"0":13}}
,"D:\\React-2023-Q4\\pokemons\\src\\components\\detail\\index.tsx": {"path":"D:\\React-2023-Q4\\pokemons\\src\\components\\detail\\index.tsx","all":false,"statementMap":{"0":{"start":{"line":1,"column":0},"end":{"line":1,"column":35}}},"s":{"0":1},"branchMap":{},"b":{},"fnMap":{},"f":{}}
,"D:\\React-2023-Q4\\pokemons\\src\\components\\detailDescription\\DetailDescription.tsx": {"path":"D:\\React-2023-Q4\\pokemons\\src\\components\\detailDescription\\DetailDescription.tsx","all":false,"statementMap":{"0":{"start":{"line":1,"column":0},"end":{"line":1,"column":68}},"1":{"start":{"line":2,"column":0},"end":{"line":2,"column":49}},"2":{"start":{"line":3,"column":0},"end":{"line":3,"column":51}},"3":{"start":{"line":4,"column":0},"end":{"line":4,"column":41}},"4":{"start":{"line":5,"column":0},"end":{"line":5,"column":58}},"5":{"start":{"line":6,"column":0},"end":{"line":6,"column":0}},"6":{"start":{"line":7,"column":0},"end":{"line":7,"column":64}},"7":{"start":{"line":8,"column":0},"end":{"line":8,"column":60}},"8":{"start":{"line":9,"column":0},"end":{"line":9,"column":0}},"9":{"start":{"line":10,"column":0},"end":{"line":10,"column":29}},"10":{"start":{"line":11,"column":0},"end":{"line":11,"column":67}},"11":{"start":{"line":12,"column":0},"end":{"line":12,"column":4}},"12":{"start":{"line":13,"column":0},"end":{"line":13,"column":0}},"13":{"start":{"line":14,"column":0},"end":{"line":14,"column":61}},"14":{"start":{"line":15,"column":0},"end":{"line":15,"column":42}},"15":{"start":{"line":16,"column":0},"end":{"line":16,"column":0}},"16":{"start":{"line":17,"column":0},"end":{"line":17,"column":10}},"17":{"start":{"line":18,"column":0},"end":{"line":18,"column":40}},"18":{"start":{"line":19,"column":0},"end":{"line":19,"column":13}},"19":{"start":{"line":20,"column":0},"end":{"line":20,"column":32}},"20":{"start":{"line":21,"column":0},"end":{"line":21,"column":29}},"21":{"start":{"line":22,"column":0},"end":{"line":22,"column":20}},"22":{"start":{"line":23,"column":0},"end":{"line":23,"column":20}},"23":{"start":{"line":24,"column":0},"end":{"line":24,"column":7}},"24":{"start":{"line":25,"column":0},"end":{"line":25,"column":53}},"25":{"start":{"line":26,"column":0},"end":{"line":26,"column":15}},"26":{"start":{"line":27,"column":0},"end":{"line":27,"column":46}},"27":{"start":{"line":28,"column":0},"end":{"line":28,"column":11}},"28":{"start":{"line":29,"column":0},"end":{"line":29,"column":58}},"29":{"start":{"line":30,"column":0},"end":{"line":30,"column":29}},"30":{"start":{"line":31,"column":0},"end":{"line":31,"column":12}},"31":{"start":{"line":32,"column":0},"end":{"line":32,"column":11}},"32":{"start":{"line":33,"column":0},"end":{"line":33,"column":58}},"33":{"start":{"line":34,"column":0},"end":{"line":34,"column":29}},"34":{"start":{"line":35,"column":0},"end":{"line":35,"column":12}},"35":{"start":{"line":36,"column":0},"end":{"line":36,"column":11}},"36":{"start":{"line":37,"column":0},"end":{"line":37,"column":60}},"37":{"start":{"line":38,"column":0},"end":{"line":38,"column":12}},"38":{"start":{"line":39,"column":0},"end":{"line":39,"column":43}},"39":{"start":{"line":40,"column":0},"end":{"line":40,"column":78}},"40":{"start":{"line":41,"column":0},"end":{"line":41,"column":13}},"41":{"start":{"line":42,"column":0},"end":{"line":42,"column":13}},"42":{"start":{"line":43,"column":0},"end":{"line":43,"column":12}},"43":{"start":{"line":44,"column":0},"end":{"line":44,"column":11}},"44":{"start":{"line":45,"column":0},"end":{"line":45,"column":56}},"45":{"start":{"line":46,"column":0},"end":{"line":46,"column":37}},"46":{"start":{"line":47,"column":0},"end":{"line":47,"column":47}},"47":{"start":{"line":48,"column":0},"end":{"line":48,"column":71}},"48":{"start":{"line":49,"column":0},"end":{"line":49,"column":15}},"49":{"start":{"line":50,"column":0},"end":{"line":50,"column":73}},"50":{"start":{"line":51,"column":0},"end":{"line":51,"column":12}},"51":{"start":{"line":52,"column":0},"end":{"line":52,"column":11}},"52":{"start":{"line":53,"column":0},"end":{"line":53,"column":12}},"53":{"start":{"line":54,"column":0},"end":{"line":54,"column":11}},"54":{"start":{"line":55,"column":0},"end":{"line":55,"column":77}},"55":{"start":{"line":56,"column":0},"end":{"line":56,"column":15}},"56":{"start":{"line":57,"column":0},"end":{"line":57,"column":62}},"57":{"start":{"line":58,"column":0},"end":{"line":58,"column":16}},"58":{"start":{"line":59,"column":0},"end":{"line":59,"column":10}},"59":{"start":{"line":60,"column":0},"end":{"line":60,"column":54}},"60":{"start":{"line":61,"column":0},"end":{"line":61,"column":55}},"61":{"start":{"line":62,"column":0},"end":{"line":62,"column":11}},"62":{"start":{"line":63,"column":0},"end":{"line":63,"column":12}},"63":{"start":{"line":64,"column":0},"end":{"line":64,"column":10}},"64":{"start":{"line":65,"column":0},"end":{"line":65,"column":4}},"65":{"start":{"line":66,"column":0},"end":{"line":66,"column":2}},"66":{"start":{"line":67,"column":0},"end":{"line":67,"column":0}},"67":{"start":{"line":68,"column":0},"end":{"line":68,"column":33}}},"s":{"0":1,"1":1,"2":1,"3":1,"4":1,"5":1,"6":1,"7":4,"8":4,"9":4,"10":1,"11":1,"12":4,"13":4,"14":4,"15":4,"16":4,"17":4,"18":4,"19":4,"20":4,"21":4,"22":4,"23":4,"24":4,"25":4,"26":4,"27":4,"28":4,"29":4,"30":4,"31":4,"32":4,"33":4,"34":4,"35":4,"36":4,"37":4,"38":4,"39":8,"40":4,"41":4,"42":4,"43":4,"44":4,"45":4,"46":360,"47":4,"48":356,"49":356,"50":360,"51":4,"52":4,"53":4,"54":4,"55":4,"56":4,"57":4,"58":4,"59":4,"60":40,"61":4,"62":4,"63":4,"64":4,"65":4,"66":1,"67":1},"branchMap":{"0":{"type":"branch","line":7,"loc":{"start":{"line":7,"column":26},"end":{"line":66,"column":2}},"locations":[{"start":{"line":7,"column":26},"end":{"line":66,"column":2}}]},"1":{"type":"branch","line":10,"loc":{"start":{"line":10,"column":22},"end":{"line":12,"column":4}},"locations":[{"start":{"line":10,"column":22},"end":{"line":12,"column":4}}]},"2":{"type":"branch","line":39,"loc":{"start":{"line":39,"column":25},"end":{"line":41,"column":11}},"locations":[{"start":{"line":39,"column":25},"end":{"line":41,"column":11}}]},"3":{"type":"branch","line":46,"loc":{"start":{"line":46,"column":19},"end":{"line":52,"column":9}},"locations":[{"start":{"line":46,"column":19},"end":{"line":52,"column":9}}]},"4":{"type":"branch","line":47,"loc":{"start":{"line":47,"column":42},"end":{"line":48,"column":71}},"locations":[{"start":{"line":47,"column":42},"end":{"line":48,"column":71}}]},"5":{"type":"branch","line":48,"loc":{"start":{"line":48,"column":64},"end":{"line":50,"column":73}},"locations":[{"start":{"line":48,"column":64},"end":{"line":50,"column":73}}]},"6":{"type":"branch","line":55,"loc":{"start":{"line":55,"column":37},"end":{"line":55,"column":71}},"locations":[{"start":{"line":55,"column":37},"end":{"line":55,"column":71}}]},"7":{"type":"branch","line":60,"loc":{"start":{"line":60,"column":36},"end":{"line":62,"column":9}},"locations":[{"start":{"line":60,"column":36},"end":{"line":62,"column":9}}]}},"b":{"0":[4],"1":[1],"2":[8],"3":[360],"4":[4],"5":[356],"6":[4],"7":[40]},"fnMap":{"0":{"name":"DetailDescription","decl":{"start":{"line":7,"column":26},"end":{"line":66,"column":2}},"loc":{"start":{"line":7,"column":26},"end":{"line":66,"column":2}},"line":7},"1":{"name":"handleClick","decl":{"start":{"line":10,"column":22},"end":{"line":12,"column":4}},"loc":{"start":{"line":10,"column":22},"end":{"line":12,"column":4}},"line":10}},"f":{"0":4,"1":1}}
,"D:\\React-2023-Q4\\pokemons\\src\\components\\detailDescription\\index.tsx": {"path":"D:\\React-2023-Q4\\pokemons\\src\\components\\detailDescription\\index.tsx","all":false,"statementMap":{"0":{"start":{"line":1,"column":0},"end":{"line":1,"column":46}}},"s":{"0":1},"branchMap":{},"b":{},"fnMap":{},"f":{}}
,"D:\\React-2023-Q4\\pokemons\\src\\components\\errorBoundary\\ErrorBoundary.tsx": {"path":"D:\\React-2023-Q4\\pokemons\\src\\components\\errorBoundary\\ErrorBoundary.tsx","all":false,"statementMap":{"0":{"start":{"line":1,"column":0},"end":{"line":1,"column":45}},"1":{"start":{"line":2,"column":0},"end":{"line":2,"column":65}},"2":{"start":{"line":3,"column":0},"end":{"line":3,"column":0}},"3":{"start":{"line":4,"column":0},"end":{"line":4,"column":79}},"4":{"start":{"line":5,"column":0},"end":{"line":5,"column":42}},"5":{"start":{"line":6,"column":0},"end":{"line":6,"column":17}},"6":{"start":{"line":7,"column":0},"end":{"line":7,"column":37}},"7":{"start":{"line":8,"column":0},"end":{"line":8,"column":3}},"8":{"start":{"line":9,"column":0},"end":{"line":9,"column":0}},"9":{"start":{"line":10,"column":0},"end":{"line":10,"column":37}},"10":{"start":{"line":11,"column":0},"end":{"line":11,"column":30}},"11":{"start":{"line":12,"column":0},"end":{"line":12,"column":3}},"12":{"start":{"line":13,"column":0},"end":{"line":13,"column":0}},"13":{"start":{"line":14,"column":0},"end":{"line":14,"column":52}},"14":{"start":{"line":15,"column":0},"end":{"line":15,"column":64}},"15":{"start":{"line":16,"column":0},"end":{"line":16,"column":38}},"16":{"start":{"line":17,"column":0},"end":{"line":17,"column":3}},"17":{"start":{"line":18,"column":0},"end":{"line":18,"column":0}},"18":{"start":{"line":19,"column":0},"end":{"line":19,"column":12}},"19":{"start":{"line":20,"column":0},"end":{"line":20,"column":30}},"20":{"start":{"line":21,"column":0},"end":{"line":21,"column":33}},"21":{"start":{"line":22,"column":0},"end":{"line":22,"column":5}},"22":{"start":{"line":23,"column":0},"end":{"line":23,"column":0}},"23":{"start":{"line":24,"column":0},"end":{"line":24,"column":31}},"24":{"start":{"line":25,"column":0},"end":{"line":25,"column":3}},"25":{"start":{"line":26,"column":0},"end":{"line":26,"column":1}},"26":{"start":{"line":27,"column":0},"end":{"line":27,"column":0}},"27":{"start":{"line":28,"column":0},"end":{"line":28,"column":29}}},"s":{"0":1,"1":1,"2":1,"3":1,"4":1,"5":3,"6":3,"7":3,"8":1,"9":1,"10":2,"11":2,"12":1,"13":1,"14":1,"15":1,"16":1,"17":1,"18":1,"19":5,"20":3,"21":3,"22":2,"23":2,"24":5,"25":1,"26":1,"27":1},"branchMap":{"0":{"type":"branch","line":5,"loc":{"start":{"line":5,"column":2},"end":{"line":8,"column":3}},"locations":[{"start":{"line":5,"column":2},"end":{"line":8,"column":3}}]},"1":{"type":"branch","line":10,"loc":{"start":{"line":10,"column":9},"end":{"line":12,"column":3}},"locations":[{"start":{"line":10,"column":9},"end":{"line":12,"column":3}}]},"2":{"type":"branch","line":14,"loc":{"start":{"line":14,"column":2},"end":{"line":17,"column":3}},"locations":[{"start":{"line":14,"column":2},"end":{"line":17,"column":3}}]},"3":{"type":"branch","line":19,"loc":{"start":{"line":19,"column":2},"end":{"line":25,"column":3}},"locations":[{"start":{"line":19,"column":2},"end":{"line":25,"column":3}}]},"4":{"type":"branch","line":20,"loc":{"start":{"line":20,"column":29},"end":{"line":22,"column":5}},"locations":[{"start":{"line":20,"column":29},"end":{"line":22,"column":5}}]},"5":{"type":"branch","line":22,"loc":{"start":{"line":22,"column":4},"end":{"line":24,"column":31}},"locations":[{"start":{"line":22,"column":4},"end":{"line":24,"column":31}}]}},"b":{"0":[3],"1":[2],"2":[1],"3":[5],"4":[3],"5":[2]},"fnMap":{"0":{"name":"ErrorBoundary","decl":{"start":{"line":5,"column":2},"end":{"line":8,"column":3}},"loc":{"start":{"line":5,"column":2},"end":{"line":8,"column":3}},"line":5},"1":{"name":"getDerivedStateFromError","decl":{"start":{"line":10,"column":9},"end":{"line":12,"column":3}},"loc":{"start":{"line":10,"column":9},"end":{"line":12,"column":3}},"line":10},"2":{"name":"componentDidCatch","decl":{"start":{"line":14,"column":2},"end":{"line":17,"column":3}},"loc":{"start":{"line":14,"column":2},"end":{"line":17,"column":3}},"line":14},"3":{"name":"render","decl":{"start":{"line":19,"column":2},"end":{"line":25,"column":3}},"loc":{"start":{"line":19,"column":2},"end":{"line":25,"column":3}},"line":19}},"f":{"0":3,"1":2,"2":1,"3":5}}
,"D:\\React-2023-Q4\\pokemons\\src\\components\\errorBoundary\\index.tsx": {"path":"D:\\React-2023-Q4\\pokemons\\src\\components\\errorBoundary\\index.tsx","all":false,"statementMap":{"0":{"start":{"line":1,"column":0},"end":{"line":1,"column":42}}},"s":{"0":1},"branchMap":{},"b":{},"fnMap":{},"f":{}}
,"D:\\React-2023-Q4\\pokemons\\src\\components\\errorFallback\\ErrorFallback.tsx": {"path":"D:\\React-2023-Q4\\pokemons\\src\\components\\errorFallback\\ErrorFallback.tsx","all":false,"statementMap":{"0":{"start":{"line":1,"column":0},"end":{"line":1,"column":40}},"1":{"start":{"line":2,"column":0},"end":{"line":2,"column":33}},"2":{"start":{"line":3,"column":0},"end":{"line":3,"column":45}},"3":{"start":{"line":4,"column":0},"end":{"line":4,"column":0}},"4":{"start":{"line":5,"column":0},"end":{"line":5,"column":57}},"5":{"start":{"line":6,"column":0},"end":{"line":6,"column":10}},"6":{"start":{"line":7,"column":0},"end":{"line":7,"column":33}},"7":{"start":{"line":8,"column":0},"end":{"line":8,"column":31}},"8":{"start":{"line":9,"column":0},"end":{"line":9,"column":39}},"9":{"start":{"line":10,"column":0},"end":{"line":10,"column":12}},"10":{"start":{"line":11,"column":0},"end":{"line":11,"column":10}},"11":{"start":{"line":12,"column":0},"end":{"line":12,"column":4}},"12":{"start":{"line":13,"column":0},"end":{"line":13,"column":2}},"13":{"start":{"line":14,"column":0},"end":{"line":14,"column":0}},"14":{"start":{"line":15,"column":0},"end":{"line":15,"column":29}}},"s":{"0":1,"1":1,"2":1,"3":1,"4":1,"5":1,"6":1,"7":1,"8":1,"9":1,"10":1,"11":1,"12":1,"13":1,"14":1},"branchMap":{"0":{"type":"branch","line":5,"loc":{"start":{"line":5,"column":22},"end":{"line":13,"column":2}},"locations":[{"start":{"line":5,"column":22},"end":{"line":13,"column":2}}]}},"b":{"0":[1]},"fnMap":{"0":{"name":"ErrorFallback","decl":{"start":{"line":5,"column":22},"end":{"line":13,"column":2}},"loc":{"start":{"line":5,"column":22},"end":{"line":13,"column":2}},"line":5}},"f":{"0":1}}
,"D:\\React-2023-Q4\\pokemons\\src\\components\\errorFallback\\index.tsx": {"path":"D:\\React-2023-Q4\\pokemons\\src\\components\\errorFallback\\index.tsx","all":false,"statementMap":{"0":{"start":{"line":1,"column":0},"end":{"line":1,"column":42}}},"s":{"0":1},"branchMap":{},"b":{},"fnMap":{},"f":{}}
,"D:\\React-2023-Q4\\pokemons\\src\\components\\input\\Input.tsx": {"path":"D:\\React-2023-Q4\\pokemons\\src\\components\\input\\Input.tsx","all":false,"statementMap":{"0":{"start":{"line":1,"column":0},"end":{"line":1,"column":58}},"1":{"start":{"line":2,"column":0},"end":{"line":2,"column":40}},"2":{"start":{"line":3,"column":0},"end":{"line":3,"column":60}},"3":{"start":{"line":4,"column":0},"end":{"line":4,"column":37}},"4":{"start":{"line":5,"column":0},"end":{"line":5,"column":0}},"5":{"start":{"line":6,"column":0},"end":{"line":6,"column":50}},"6":{"start":{"line":7,"column":0},"end":{"line":7,"column":45}},"7":{"start":{"line":8,"column":0},"end":{"line":8,"column":45}},"8":{"start":{"line":9,"column":0},"end":{"line":9,"column":0}},"9":{"start":{"line":10,"column":0},"end":{"line":10,"column":30}},"10":{"start":{"line":11,"column":0},"end":{"line":11,"column":22}},"11":{"start":{"line":12,"column":0},"end":{"line":12,"column":46}},"12":{"start":{"line":13,"column":0},"end":{"line":13,"column":21}},"13":{"start":{"line":14,"column":0},"end":{"line":14,"column":25}},"14":{"start":{"line":15,"column":0},"end":{"line":15,"column":4}},"15":{"start":{"line":16,"column":0},"end":{"line":16,"column":0}},"16":{"start":{"line":17,"column":0},"end":{"line":17,"column":10}},"17":{"start":{"line":18,"column":0},"end":{"line":18,"column":10}},"18":{"start":{"line":19,"column":0},"end":{"line":19,"column":29}},"19":{"start":{"line":20,"column":0},"end":{"line":20,"column":17}},"20":{"start":{"line":21,"column":0},"end":{"line":21,"column":20}},"21":{"start":{"line":22,"column":0},"end":{"line":22,"column":34}},"22":{"start":{"line":23,"column":0},"end":{"line":23,"column":34}},"23":{"start":{"line":24,"column":0},"end":{"line":24,"column":6}},"24":{"start":{"line":25,"column":0},"end":{"line":25,"column":4}},"25":{"start":{"line":26,"column":0},"end":{"line":26,"column":2}},"26":{"start":{"line":27,"column":0},"end":{"line":27,"column":0}},"27":{"start":{"line":28,"column":0},"end":{"line":28,"column":21}}},"s":{"0":1,"1":1,"2":1,"3":1,"4":1,"5":1,"6":45,"7":45,"8":45,"9":45,"10":3,"11":3,"12":3,"13":3,"14":3,"15":45,"16":45,"17":45,"18":45,"19":45,"20":45,"21":45,"22":45,"23":45,"24":45,"25":45,"26":1,"27":1},"branchMap":{"0":{"type":"branch","line":6,"loc":{"start":{"line":6,"column":14},"end":{"line":26,"column":2}},"locations":[{"start":{"line":6,"column":14},"end":{"line":26,"column":2}}]},"1":{"type":"branch","line":10,"loc":{"start":{"line":10,"column":28},"end":{"line":15,"column":4}},"locations":[{"start":{"line":10,"column":28},"end":{"line":15,"column":4}}]}},"b":{"0":[45],"1":[3]},"fnMap":{"0":{"name":"Input","decl":{"start":{"line":6,"column":14},"end":{"line":26,"column":2}},"loc":{"start":{"line":6,"column":14},"end":{"line":26,"column":2}},"line":6},"1":{"name":"handleInputChange","decl":{"start":{"line":10,"column":28},"end":{"line":15,"column":4}},"loc":{"start":{"line":10,"column":28},"end":{"line":15,"column":4}},"line":10}},"f":{"0":45,"1":3}}
,"D:\\React-2023-Q4\\pokemons\\src\\components\\input\\index.tsx": {"path":"D:\\React-2023-Q4\\pokemons\\src\\components\\input\\index.tsx","all":false,"statementMap":{"0":{"start":{"line":1,"column":0},"end":{"line":1,"column":34}}},"s":{"0":1},"branchMap":{},"b":{},"fnMap":{},"f":{}}
,"D:\\React-2023-Q4\\pokemons\\src\\components\\loader\\Loader.tsx": {"path":"D:\\React-2023-Q4\\pokemons\\src\\components\\loader\\Loader.tsx","all":false,"statementMap":{"0":{"start":{"line":1,"column":0},"end":{"line":1,"column":40}},"1":{"start":{"line":2,"column":0},"end":{"line":2,"column":0}},"2":{"start":{"line":3,"column":0},"end":{"line":3,"column":22}},"3":{"start":{"line":4,"column":0},"end":{"line":4,"column":10}},"4":{"start":{"line":5,"column":0},"end":{"line":5,"column":69}},"5":{"start":{"line":6,"column":0},"end":{"line":6,"column":34}},"6":{"start":{"line":7,"column":0},"end":{"line":7,"column":53}},"7":{"start":{"line":8,"column":0},"end":{"line":8,"column":12}},"8":{"start":{"line":9,"column":0},"end":{"line":9,"column":10}},"9":{"start":{"line":10,"column":0},"end":{"line":10,"column":4}},"10":{"start":{"line":11,"column":0},"end":{"line":11,"column":2}},"11":{"start":{"line":12,"column":0},"end":{"line":12,"column":0}},"12":{"start":{"line":13,"column":0},"end":{"line":13,"column":22}}},"s":{"0":1,"1":1,"2":1,"3":17,"4":17,"5":17,"6":17,"7":17,"8":17,"9":17,"10":17,"11":1,"12":1},"branchMap":{"0":{"type":"branch","line":3,"loc":{"start":{"line":3,"column":15},"end":{"line":11,"column":2}},"locations":[{"start":{"line":3,"column":15},"end":{"line":11,"column":2}}]}},"b":{"0":[17]},"fnMap":{"0":{"name":"Loader","decl":{"start":{"line":3,"column":15},"end":{"line":11,"column":2}},"loc":{"start":{"line":3,"column":15},"end":{"line":11,"column":2}},"line":3}},"f":{"0":17}}
,"D:\\React-2023-Q4\\pokemons\\src\\components\\loader\\index.tsx": {"path":"D:\\React-2023-Q4\\pokemons\\src\\components\\loader\\index.tsx","all":false,"statementMap":{"0":{"start":{"line":1,"column":0},"end":{"line":1,"column":35}}},"s":{"0":1},"branchMap":{},"b":{},"fnMap":{},"f":{}}
,"D:\\React-2023-Q4\\pokemons\\src\\components\\message\\Message.tsx": {"path":"D:\\React-2023-Q4\\pokemons\\src\\components\\message\\Message.tsx","all":false,"statementMap":{"0":{"start":{"line":1,"column":0},"end":{"line":1,"column":44}},"1":{"start":{"line":2,"column":0},"end":{"line":2,"column":40}},"2":{"start":{"line":3,"column":0},"end":{"line":3,"column":0}},"3":{"start":{"line":4,"column":0},"end":{"line":4,"column":58}},"4":{"start":{"line":5,"column":0},"end":{"line":5,"column":10}},"5":{"start":{"line":6,"column":0},"end":{"line":6,"column":33}},"6":{"start":{"line":7,"column":0},"end":{"line":7,"column":44}},"7":{"start":{"line":8,"column":0},"end":{"line":8,"column":12}},"8":{"start":{"line":9,"column":0},"end":{"line":9,"column":44}},"9":{"start":{"line":10,"column":0},"end":{"line":10,"column":20}},"10":{"start":{"line":11,"column":0},"end":{"line":11,"column":29}},"11":{"start":{"line":12,"column":0},"end":{"line":12,"column":21}},"12":{"start":{"line":13,"column":0},"end":{"line":13,"column":21}},"13":{"start":{"line":14,"column":0},"end":{"line":14,"column":9}},"14":{"start":{"line":15,"column":0},"end":{"line":15,"column":15}},"15":{"start":{"line":16,"column":0},"end":{"line":16,"column":26}},"16":{"start":{"line":17,"column":0},"end":{"line":17,"column":543}},"17":{"start":{"line":18,"column":0},"end":{"line":18,"column":18}},"18":{"start":{"line":19,"column":0},"end":{"line":19,"column":14}},"19":{"start":{"line":20,"column":0},"end":{"line":20,"column":12}},"20":{"start":{"line":21,"column":0},"end":{"line":21,"column":65}},"21":{"start":{"line":22,"column":0},"end":{"line":22,"column":10}},"22":{"start":{"line":23,"column":0},"end":{"line":23,"column":4}},"23":{"start":{"line":24,"column":0},"end":{"line":24,"column":2}},"24":{"start":{"line":25,"column":0},"end":{"line":25,"column":0}},"25":{"start":{"line":26,"column":0},"end":{"line":26,"column":23}}},"s":{"0":1,"1":1,"2":1,"3":1,"4":11,"5":11,"6":11,"7":11,"8":11,"9":11,"10":11,"11":11,"12":11,"13":11,"14":11,"15":11,"16":11,"17":11,"18":11,"19":11,"20":11,"21":11,"22":11,"23":11,"24":1,"25":1},"branchMap":{"0":{"type":"branch","line":4,"loc":{"start":{"line":4,"column":16},"end":{"line":24,"column":2}},"locations":[{"start":{"line":4,"column":16},"end":{"line":24,"column":2}}]}},"b":{"0":[11]},"fnMap":{"0":{"name":"Message","decl":{"start":{"line":4,"column":16},"end":{"line":24,"column":2}},"loc":{"start":{"line":4,"column":16},"end":{"line":24,"column":2}},"line":4}},"f":{"0":11}}
,"D:\\React-2023-Q4\\pokemons\\src\\components\\message\\index.tsx": {"path":"D:\\React-2023-Q4\\pokemons\\src\\components\\message\\index.tsx","all":false,"statementMap":{"0":{"start":{"line":1,"column":0},"end":{"line":1,"column":36}}},"s":{"0":1},"branchMap":{},"b":{},"fnMap":{},"f":{}}
,"D:\\React-2023-Q4\\pokemons\\src\\components\\pagination\\Pagination.tsx": {"path":"D:\\React-2023-Q4\\pokemons\\src\\components\\pagination\\Pagination.tsx","all":false,"statementMap":{"0":{"start":{"line":1,"column":0},"end":{"line":1,"column":42}},"1":{"start":{"line":2,"column":0},"end":{"line":2,"column":41}},"2":{"start":{"line":3,"column":0},"end":{"line":3,"column":68}},"3":{"start":{"line":4,"column":0},"end":{"line":4,"column":70}},"4":{"start":{"line":5,"column":0},"end":{"line":5,"column":68}},"5":{"start":{"line":6,"column":0},"end":{"line":6,"column":29}},"6":{"start":{"line":7,"column":0},"end":{"line":7,"column":38}},"7":{"start":{"line":8,"column":0},"end":{"line":8,"column":0}},"8":{"start":{"line":9,"column":0},"end":{"line":9,"column":78}},"9":{"start":{"line":10,"column":0},"end":{"line":10,"column":35}},"10":{"start":{"line":11,"column":0},"end":{"line":11,"column":22}},"11":{"start":{"line":12,"column":0},"end":{"line":12,"column":42}},"12":{"start":{"line":13,"column":0},"end":{"line":13,"column":18}},"13":{"start":{"line":14,"column":0},"end":{"line":14,"column":12}},"14":{"start":{"line":15,"column":0},"end":{"line":15,"column":17}},"15":{"start":{"line":16,"column":0},"end":{"line":16,"column":21}},"16":{"start":{"line":17,"column":0},"end":{"line":17,"column":75}},"17":{"start":{"line":18,"column":0},"end":{"line":18,"column":11}},"18":{"start":{"line":19,"column":0},"end":{"line":19,"column":41}},"19":{"start":{"line":20,"column":0},"end":{"line":20,"column":9}},"20":{"start":{"line":21,"column":0},"end":{"line":21,"column":13}},"21":{"start":{"line":22,"column":0},"end":{"line":22,"column":14}},"22":{"start":{"line":23,"column":0},"end":{"line":23,"column":8}},"23":{"start":{"line":24,"column":0},"end":{"line":24,"column":5}},"24":{"start":{"line":25,"column":0},"end":{"line":25,"column":18}},"25":{"start":{"line":26,"column":0},"end":{"line":26,"column":4}},"26":{"start":{"line":27,"column":0},"end":{"line":27,"column":0}},"27":{"start":{"line":28,"column":0},"end":{"line":28,"column":10}},"28":{"start":{"line":29,"column":0},"end":{"line":29,"column":9}},"29":{"start":{"line":30,"column":0},"end":{"line":30,"column":40}},"30":{"start":{"line":31,"column":0},"end":{"line":31,"column":44}},"31":{"start":{"line":32,"column":0},"end":{"line":32,"column":14}},"32":{"start":{"line":33,"column":0},"end":{"line":33,"column":23}},"33":{"start":{"line":34,"column":0},"end":{"line":34,"column":57}},"34":{"start":{"line":35,"column":0},"end":{"line":35,"column":28}},"35":{"start":{"line":36,"column":0},"end":{"line":36,"column":53}},"36":{"start":{"line":37,"column":0},"end":{"line":37,"column":14}},"37":{"start":{"line":38,"column":0},"end":{"line":38,"column":11}},"38":{"start":{"line":39,"column":0},"end":{"line":39,"column":27}},"39":{"start":{"line":40,"column":0},"end":{"line":40,"column":16}},"40":{"start":{"line":41,"column":0},"end":{"line":41,"column":13}},"41":{"start":{"line":42,"column":0},"end":{"line":42,"column":0}},"42":{"start":{"line":43,"column":0},"end":{"line":43,"column":43}},"43":{"start":{"line":44,"column":0},"end":{"line":44,"column":0}},"44":{"start":{"line":45,"column":0},"end":{"line":45,"column":46}},"45":{"start":{"line":46,"column":0},"end":{"line":46,"column":12}},"46":{"start":{"line":47,"column":0},"end":{"line":47,"column":16}},"47":{"start":{"line":48,"column":0},"end":{"line":48,"column":25}},"48":{"start":{"line":49,"column":0},"end":{"line":49,"column":79}},"49":{"start":{"line":50,"column":0},"end":{"line":50,"column":15}},"50":{"start":{"line":51,"column":0},"end":{"line":51,"column":45}},"51":{"start":{"line":52,"column":0},"end":{"line":52,"column":13}},"52":{"start":{"line":53,"column":0},"end":{"line":53,"column":15}},"53":{"start":{"line":54,"column":0},"end":{"line":54,"column":18}},"54":{"start":{"line":55,"column":0},"end":{"line":55,"column":41}},"55":{"start":{"line":56,"column":0},"end":{"line":56,"column":29}},"56":{"start":{"line":57,"column":0},"end":{"line":57,"column":18}},"57":{"start":{"line":58,"column":0},"end":{"line":58,"column":13}},"58":{"start":{"line":59,"column":0},"end":{"line":59,"column":10}},"59":{"start":{"line":60,"column":0},"end":{"line":60,"column":0}},"60":{"start":{"line":61,"column":0},"end":{"line":61,"column":56}},"61":{"start":{"line":62,"column":0},"end":{"line":62,"column":14}},"62":{"start":{"line":63,"column":0},"end":{"line":63,"column":19}},"63":{"start":{"line":64,"column":0},"end":{"line":64,"column":23}},"64":{"start":{"line":65,"column":0},"end":{"line":65,"column":77}},"65":{"start":{"line":66,"column":0},"end":{"line":66,"column":13}},"66":{"start":{"line":67,"column":0},"end":{"line":67,"column":43}},"67":{"start":{"line":68,"column":0},"end":{"line":68,"column":11}},"68":{"start":{"line":69,"column":0},"end":{"line":69,"column":15}},"69":{"start":{"line":70,"column":0},"end":{"line":70,"column":16}},"70":{"start":{"line":71,"column":0},"end":{"line":71,"column":11}},"71":{"start":{"line":72,"column":0},"end":{"line":72,"column":0}},"72":{"start":{"line":73,"column":0},"end":{"line":73,"column":45}},"73":{"start":{"line":74,"column":0},"end":{"line":74,"column":12}},"74":{"start":{"line":75,"column":0},"end":{"line":75,"column":41}},"75":{"start":{"line":76,"column":0},"end":{"line":76,"column":29}},"76":{"start":{"line":77,"column":0},"end":{"line":77,"column":18}},"77":{"start":{"line":78,"column":0},"end":{"line":78,"column":16}},"78":{"start":{"line":79,"column":0},"end":{"line":79,"column":25}},"79":{"start":{"line":80,"column":0},"end":{"line":80,"column":31}},"80":{"start":{"line":81,"column":0},"end":{"line":81,"column":52}},"81":{"start":{"line":82,"column":0},"end":{"line":82,"column":35}},"82":{"start":{"line":83,"column":0},"end":{"line":83,"column":15}},"83":{"start":{"line":84,"column":0},"end":{"line":84,"column":50}},"84":{"start":{"line":85,"column":0},"end":{"line":85,"column":13}},"85":{"start":{"line":86,"column":0},"end":{"line":86,"column":22}},"86":{"start":{"line":87,"column":0},"end":{"line":87,"column":18}},"87":{"start":{"line":88,"column":0},"end":{"line":88,"column":13}},"88":{"start":{"line":89,"column":0},"end":{"line":89,"column":10}},"89":{"start":{"line":90,"column":0},"end":{"line":90,"column":0}},"90":{"start":{"line":91,"column":0},"end":{"line":91,"column":44}},"91":{"start":{"line":92,"column":0},"end":{"line":92,"column":14}},"92":{"start":{"line":93,"column":0},"end":{"line":93,"column":23}},"93":{"start":{"line":94,"column":0},"end":{"line":94,"column":62}},"94":{"start":{"line":95,"column":0},"end":{"line":95,"column":28}},"95":{"start":{"line":96,"column":0},"end":{"line":96,"column":58}},"96":{"start":{"line":97,"column":0},"end":{"line":97,"column":14}},"97":{"start":{"line":98,"column":0},"end":{"line":98,"column":11}},"98":{"start":{"line":99,"column":0},"end":{"line":99,"column":28}},"99":{"start":{"line":100,"column":0},"end":{"line":100,"column":16}},"100":{"start":{"line":101,"column":0},"end":{"line":101,"column":13}},"101":{"start":{"line":102,"column":0},"end":{"line":102,"column":11}},"102":{"start":{"line":103,"column":0},"end":{"line":103,"column":10}},"103":{"start":{"line":104,"column":0},"end":{"line":104,"column":4}},"104":{"start":{"line":105,"column":0},"end":{"line":105,"column":3}},"105":{"start":{"line":106,"column":0},"end":{"line":106,"column":0}},"106":{"start":{"line":107,"column":0},"end":{"line":107,"column":26}}},"s":{"0":1,"1":1,"2":1,"3":1,"4":1,"5":1,"6":1,"7":1,"8":1,"9":23,"10":1,"11":1,"12":2,"13":2,"14":2,"15":2,"16":2,"17":2,"18":2,"19":2,"20":2,"21":2,"22":2,"23":2,"24":2,"25":1,"26":23,"27":23,"28":23,"29":23,"30":23,"31":23,"32":23,"33":23,"34":23,"35":1,"36":1,"37":23,"38":23,"39":23,"40":23,"41":23,"42":23,"43":23,"44":23,"45":3,"46":3,"47":3,"48":3,"49":3,"50":3,"51":3,"52":3,"53":3,"54":3,"55":3,"56":3,"57":3,"58":23,"59":23,"60":23,"61":66,"62":66,"63":66,"64":66,"65":66,"66":66,"67":66,"68":66,"69":66,"70":23,"71":23,"72":23,"73":19,"74":19,"75":19,"76":19,"77":19,"78":19,"79":19,"80":0,"81":19,"82":19,"83":19,"84":19,"85":19,"86":19,"87":19,"88":23,"89":23,"90":23,"91":23,"92":23,"93":23,"94":23,"95":1,"96":1,"97":23,"98":23,"99":23,"100":23,"101":23,"102":23,"103":23,"104":23,"105":1,"106":1},"branchMap":{"0":{"type":"branch","line":9,"loc":{"start":{"line":9,"column":24},"end":{"line":105,"column":3}},"locations":[{"start":{"line":9,"column":24},"end":{"line":105,"column":3}}]},"1":{"type":"branch","line":34,"loc":{"start":{"line":34,"column":34},"end":{"line":34,"column":54}},"locations":[{"start":{"line":34,"column":34},"end":{"line":34,"column":54}}]},"2":{"type":"branch","line":43,"loc":{"start":{"line":43,"column":18},"end":{"line":43,"column":43}},"locations":[{"start":{"line":43,"column":18},"end":{"line":43,"column":43}}]},"3":{"type":"branch","line":45,"loc":{"start":{"line":45,"column":26},"end":{"line":45,"column":46}},"locations":[{"start":{"line":45,"column":26},"end":{"line":45,"column":46}}]},"4":{"type":"branch","line":45,"loc":{"start":{"line":45,"column":40},"end":{"line":58,"column":13}},"locations":[{"start":{"line":45,"column":40},"end":{"line":58,"column":13}}]},"5":{"type":"branch","line":49,"loc":{"start":{"line":49,"column":25},"end":{"line":49,"column":64}},"locations":[{"start":{"line":49,"column":25},"end":{"line":49,"column":64}}]},"6":{"type":"branch","line":73,"loc":{"start":{"line":73,"column":25},"end":{"line":73,"column":45}},"locations":[{"start":{"line":73,"column":25},"end":{"line":73,"column":45}}]},"7":{"type":"branch","line":73,"loc":{"start":{"line":73,"column":39},"end":{"line":88,"column":13}},"locations":[{"start":{"line":73,"column":39},"end":{"line":88,"column":13}}]},"8":{"type":"branch","line":80,"loc":{"start":{"line":80,"column":27},"end":{"line":81,"column":52}},"locations":[{"start":{"line":80,"column":27},"end":{"line":81,"column":52}}]},"9":{"type":"branch","line":94,"loc":{"start":{"line":94,"column":34},"end":{"line":94,"column":59}},"locations":[{"start":{"line":94,"column":34},"end":{"line":94,"column":59}}]},"10":{"type":"branch","line":10,"loc":{"start":{"line":10,"column":28},"end":{"line":26,"column":4}},"locations":[{"start":{"line":10,"column":28},"end":{"line":26,"column":4}}]},"11":{"type":"branch","line":12,"loc":{"start":{"line":12,"column":41},"end":{"line":25,"column":18}},"locations":[{"start":{"line":12,"column":41},"end":{"line":25,"column":18}}]},"12":{"type":"branch","line":17,"loc":{"start":{"line":17,"column":21},"end":{"line":17,"column":60}},"locations":[{"start":{"line":17,"column":21},"end":{"line":17,"column":60}}]},"13":{"type":"branch","line":17,"loc":{"start":{"line":17,"column":55},"end":{"line":17,"column":75}},"locations":[{"start":{"line":17,"column":55},"end":{"line":17,"column":75}}]},"14":{"type":"branch","line":35,"loc":{"start":{"line":35,"column":21},"end":{"line":37,"column":14}},"locations":[{"start":{"line":35,"column":21},"end":{"line":37,"column":14}}]},"15":{"type":"branch","line":51,"loc":{"start":{"line":51,"column":23},"end":{"line":51,"column":45}},"locations":[{"start":{"line":51,"column":23},"end":{"line":51,"column":45}}]},"16":{"type":"branch","line":61,"loc":{"start":{"line":61,"column":40},"end":{"line":70,"column":16}},"locations":[{"start":{"line":61,"column":40},"end":{"line":70,"column":16}}]},"17":{"type":"branch","line":65,"loc":{"start":{"line":65,"column":20},"end":{"line":65,"column":62}},"locations":[{"start":{"line":65,"column":20},"end":{"line":65,"column":62}}]},"18":{"type":"branch","line":65,"loc":{"start":{"line":65,"column":57},"end":{"line":65,"column":77}},"locations":[{"start":{"line":65,"column":57},"end":{"line":65,"column":77}}]},"19":{"type":"branch","line":67,"loc":{"start":{"line":67,"column":21},"end":{"line":67,"column":43}},"locations":[{"start":{"line":67,"column":21},"end":{"line":67,"column":43}}]},"20":{"type":"branch","line":84,"loc":{"start":{"line":84,"column":23},"end":{"line":84,"column":50}},"locations":[{"start":{"line":84,"column":23},"end":{"line":84,"column":50}}]},"21":{"type":"branch","line":95,"loc":{"start":{"line":95,"column":21},"end":{"line":97,"column":14}},"locations":[{"start":{"line":95,"column":21},"end":{"line":97,"column":14}}]}},"b":{"0":[23],"1":[16],"2":[1],"3":[4],"4":[3],"5":[0],"6":[19],"7":[19],"8":[0],"9":[2],"10":[1],"11":[2],"12":[1],"13":[1],"14":[1],"15":[1],"16":[66],"17":[22],"18":[44],"19":[1],"20":[1],"21":[1]},"fnMap":{"0":{"name":"renderPageButtons","decl":{"start":{"line":10,"column":28},"end":{"line":26,"column":4}},"loc":{"start":{"line":10,"column":28},"end":{"line":26,"column":4}},"line":10},"1":{"name":"onClick","decl":{"start":{"line":19,"column":19},"end":{"line":19,"column":41}},"loc":{"start":{"line":19,"column":19},"end":{"line":19,"column":41}},"line":19},"2":{"name":"onClick","decl":{"start":{"line":35,"column":21},"end":{"line":37,"column":14}},"loc":{"start":{"line":35,"column":21},"end":{"line":37,"column":14}},"line":35},"3":{"name":"onClick","decl":{"start":{"line":51,"column":23},"end":{"line":51,"column":45}},"loc":{"start":{"line":51,"column":23},"end":{"line":51,"column":45}},"line":51},"4":{"name":"onClick","decl":{"start":{"line":67,"column":21},"end":{"line":67,"column":43}},"loc":{"start":{"line":67,"column":21},"end":{"line":67,"column":43}},"line":67},"5":{"name":"onClick","decl":{"start":{"line":84,"column":23},"end":{"line":84,"column":50}},"loc":{"start":{"line":84,"column":23},"end":{"line":84,"column":50}},"line":84},"6":{"name":"onClick","decl":{"start":{"line":95,"column":21},"end":{"line":97,"column":14}},"loc":{"start":{"line":95,"column":21},"end":{"line":97,"column":14}},"line":95}},"f":{"0":1,"1":0,"2":1,"3":1,"4":1,"5":1,"6":1}}
,"D:\\React-2023-Q4\\pokemons\\src\\components\\pagination\\index.tsx": {"path":"D:\\React-2023-Q4\\pokemons\\src\\components\\pagination\\index.tsx","all":false,"statementMap":{"0":{"start":{"line":1,"column":0},"end":{"line":1,"column":39}}},"s":{"0":1},"branchMap":{},"b":{},"fnMap":{},"f":{}}
,"D:\\React-2023-Q4\\pokemons\\src\\components\\pagination\\util.tsx": {"path":"D:\\React-2023-Q4\\pokemons\\src\\components\\pagination\\util.tsx","all":false,"statementMap":{"0":{"start":{"line":1,"column":0},"end":{"line":1,"column":63}},"1":{"start":{"line":2,"column":0},"end":{"line":2,"column":19}},"2":{"start":{"line":3,"column":0},"end":{"line":3,"column":14}},"3":{"start":{"line":4,"column":0},"end":{"line":4,"column":3}},"4":{"start":{"line":5,"column":0},"end":{"line":5,"column":30}},"5":{"start":{"line":6,"column":0},"end":{"line":6,"column":36}},"6":{"start":{"line":7,"column":0},"end":{"line":7,"column":25}},"7":{"start":{"line":8,"column":0},"end":{"line":8,"column":29}},"8":{"start":{"line":9,"column":0},"end":{"line":9,"column":25}},"9":{"start":{"line":10,"column":0},"end":{"line":10,"column":29}},"10":{"start":{"line":11,"column":0},"end":{"line":11,"column":31}},"11":{"start":{"line":12,"column":0},"end":{"line":12,"column":25}},"12":{"start":{"line":13,"column":0},"end":{"line":13,"column":29}},"13":{"start":{"line":14,"column":0},"end":{"line":14,"column":29}},"14":{"start":{"line":15,"column":0},"end":{"line":15,"column":25}},"15":{"start":{"line":16,"column":0},"end":{"line":16,"column":3}},"16":{"start":{"line":17,"column":0},"end":{"line":17,"column":19}},"17":{"start":{"line":18,"column":0},"end":{"line":18,"column":2}}},"s":{"0":1,"1":24,"2":1,"3":1,"4":23,"5":24,"6":5,"7":5,"8":5,"9":5,"10":24,"11":3,"12":3,"13":3,"14":3,"15":3,"16":23,"17":23},"branchMap":{"0":{"type":"branch","line":1,"loc":{"start":{"line":1,"column":28},"end":{"line":18,"column":2}},"locations":[{"start":{"line":1,"column":28},"end":{"line":18,"column":2}}]},"1":{"type":"branch","line":2,"loc":{"start":{"line":2,"column":18},"end":{"line":4,"column":3}},"locations":[{"start":{"line":2,"column":18},"end":{"line":4,"column":3}}]},"2":{"type":"branch","line":4,"loc":{"start":{"line":4,"column":2},"end":{"line":6,"column":18}},"locations":[{"start":{"line":4,"column":2},"end":{"line":6,"column":18}}]},"3":{"type":"branch","line":6,"loc":{"start":{"line":6,"column":13},"end":{"line":6,"column":35}},"locations":[{"start":{"line":6,"column":13},"end":{"line":6,"column":35}}]},"4":{"type":"branch","line":6,"loc":{"start":{"line":6,"column":35},"end":{"line":11,"column":13}},"locations":[{"start":{"line":6,"column":35},"end":{"line":11,"column":13}}]},"5":{"type":"branch","line":11,"loc":{"start":{"line":11,"column":2},"end":{"line":16,"column":3}},"locations":[{"start":{"line":11,"column":2},"end":{"line":16,"column":3}}]},"6":{"type":"branch","line":11,"loc":{"start":{"line":11,"column":30},"end":{"line":16,"column":3}},"locations":[{"start":{"line":11,"column":30},"end":{"line":16,"column":3}}]},"7":{"type":"branch","line":16,"loc":{"start":{"line":16,"column":2},"end":{"line":18,"column":2}},"locations":[{"start":{"line":16,"column":2},"end":{"line":18,"column":2}}]}},"b":{"0":[24],"1":[1],"2":[23],"3":[8],"4":[5],"5":[18],"6":[3],"7":[23]},"fnMap":{"0":{"name":"getPageRange","decl":{"start":{"line":1,"column":28},"end":{"line":18,"column":2}},"loc":{"start":{"line":1,"column":28},"end":{"line":18,"column":2}},"line":1}},"f":{"0":24}}
,"D:\\React-2023-Q4\\pokemons\\src\\components\\pokemonCard\\PokemonCard.tsx": {"path":"D:\\React-2023-Q4\\pokemons\\src\\components\\pokemonCard\\PokemonCard.tsx","all":false,"statementMap":{"0":{"start":{"line":1,"column":0},"end":{"line":1,"column":43}},"1":{"start":{"line":2,"column":0},"end":{"line":2,"column":40}},"2":{"start":{"line":3,"column":0},"end":{"line":3,"column":29}},"3":{"start":{"line":4,"column":0},"end":{"line":4,"column":53}},"4":{"start":{"line":5,"column":0},"end":{"line":5,"column":0}},"5":{"start":{"line":6,"column":0},"end":{"line":6,"column":61}},"6":{"start":{"line":7,"column":0},"end":{"line":7,"column":32}},"7":{"start":{"line":8,"column":0},"end":{"line":8,"column":0}},"8":{"start":{"line":9,"column":0},"end":{"line":9,"column":10}},"9":{"start":{"line":10,"column":0},"end":{"line":10,"column":31}},"10":{"start":{"line":11,"column":0},"end":{"line":11,"column":45}},"11":{"start":{"line":12,"column":0},"end":{"line":12,"column":55}},"12":{"start":{"line":13,"column":0},"end":{"line":13,"column":39}},"13":{"start":{"line":14,"column":0},"end":{"line":14,"column":12}},"14":{"start":{"line":15,"column":0},"end":{"line":15,"column":65}},"15":{"start":{"line":16,"column":0},"end":{"line":16,"column":9}},"16":{"start":{"line":17,"column":0},"end":{"line":17,"column":4}},"17":{"start":{"line":18,"column":0},"end":{"line":18,"column":3}},"18":{"start":{"line":19,"column":0},"end":{"line":19,"column":0}},"19":{"start":{"line":20,"column":0},"end":{"line":20,"column":27}}},"s":{"0":1,"1":1,"2":1,"3":1,"4":1,"5":1,"6":43,"7":43,"8":43,"9":43,"10":43,"11":43,"12":43,"13":43,"14":43,"15":43,"16":43,"17":43,"18":1,"19":1},"branchMap":{"0":{"type":"branch","line":6,"loc":{"start":{"line":6,"column":25},"end":{"line":18,"column":3}},"locations":[{"start":{"line":6,"column":25},"end":{"line":18,"column":3}}]}},"b":{"0":[43]},"fnMap":{},"f":{}}
,"D:\\React-2023-Q4\\pokemons\\src\\components\\pokemonProperties\\PokemonProperties.tsx": {"path":"D:\\React-2023-Q4\\pokemons\\src\\components\\pokemonProperties\\PokemonProperties.tsx","all":false,"statementMap":{"0":{"start":{"line":1,"column":0},"end":{"line":1,"column":52}},"1":{"start":{"line":2,"column":0},"end":{"line":2,"column":64}},"2":{"start":{"line":3,"column":0},"end":{"line":3,"column":58}},"3":{"start":{"line":4,"column":0},"end":{"line":4,"column":49}},"4":{"start":{"line":5,"column":0},"end":{"line":5,"column":40}},"5":{"start":{"line":6,"column":0},"end":{"line":6,"column":0}},"6":{"start":{"line":7,"column":0},"end":{"line":7,"column":64}},"7":{"start":{"line":8,"column":0},"end":{"line":8,"column":71}},"8":{"start":{"line":9,"column":0},"end":{"line":9,"column":23}},"9":{"start":{"line":10,"column":0},"end":{"line":10,"column":70}},"10":{"start":{"line":11,"column":0},"end":{"line":11,"column":0}},"11":{"start":{"line":12,"column":0},"end":{"line":12,"column":10}},"12":{"start":{"line":13,"column":0},"end":{"line":13,"column":69}},"13":{"start":{"line":14,"column":0},"end":{"line":14,"column":18}},"14":{"start":{"line":15,"column":0},"end":{"line":15,"column":42}},"15":{"start":{"line":16,"column":0},"end":{"line":16,"column":13}},"16":{"start":{"line":17,"column":0},"end":{"line":17,"column":45}},"17":{"start":{"line":18,"column":0},"end":{"line":18,"column":14}},"18":{"start":{"line":19,"column":0},"end":{"line":19,"column":13}},"19":{"start":{"line":20,"column":0},"end":{"line":20,"column":45}},"20":{"start":{"line":21,"column":0},"end":{"line":21,"column":14}},"21":{"start":{"line":22,"column":0},"end":{"line":22,"column":15}},"22":{"start":{"line":23,"column":0},"end":{"line":23,"column":39}},"23":{"start":{"line":24,"column":0},"end":{"line":24,"column":44}},"24":{"start":{"line":25,"column":0},"end":{"line":25,"column":47}},"25":{"start":{"line":26,"column":0},"end":{"line":26,"column":57}},"26":{"start":{"line":27,"column":0},"end":{"line":27,"column":37}},"27":{"start":{"line":28,"column":0},"end":{"line":28,"column":21}},"28":{"start":{"line":29,"column":0},"end":{"line":29,"column":17}},"29":{"start":{"line":30,"column":0},"end":{"line":30,"column":17}},"30":{"start":{"line":31,"column":0},"end":{"line":31,"column":16}},"31":{"start":{"line":32,"column":0},"end":{"line":32,"column":14}},"32":{"start":{"line":33,"column":0},"end":{"line":33,"column":11}},"33":{"start":{"line":34,"column":0},"end":{"line":34,"column":13}},"34":{"start":{"line":35,"column":0},"end":{"line":35,"column":8}},"35":{"start":{"line":36,"column":0},"end":{"line":36,"column":20}},"36":{"start":{"line":37,"column":0},"end":{"line":37,"column":4}},"37":{"start":{"line":38,"column":0},"end":{"line":38,"column":2}},"38":{"start":{"line":39,"column":0},"end":{"line":39,"column":0}},"39":{"start":{"line":40,"column":0},"end":{"line":40,"column":33}}},"s":{"0":1,"1":1,"2":1,"3":1,"4":1,"5":1,"6":1,"7":105,"8":105,"9":34,"10":34,"11":34,"12":34,"13":34,"14":34,"15":34,"16":34,"17":34,"18":34,"19":34,"20":34,"21":34,"22":34,"23":34,"24":34,"25":68,"26":68,"27":68,"28":34,"29":34,"30":34,"31":34,"32":0,"33":0,"34":105,"35":105,"36":105,"37":105,"38":1,"39":1},"branchMap":{"0":{"type":"branch","line":7,"loc":{"start":{"line":7,"column":26},"end":{"line":38,"column":2}},"locations":[{"start":{"line":7,"column":26},"end":{"line":38,"column":2}}]},"1":{"type":"branch","line":9,"loc":{"start":{"line":9,"column":16},"end":{"line":9,"column":23}},"locations":[{"start":{"line":9,"column":16},"end":{"line":9,"column":23}}]},"2":{"type":"branch","line":9,"loc":{"start":{"line":9,"column":16},"end":{"line":32,"column":14}},"locations":[{"start":{"line":9,"column":16},"end":{"line":32,"column":14}}]},"3":{"type":"branch","line":32,"loc":{"start":{"line":32,"column":8},"end":{"line":34,"column":13}},"locations":[{"start":{"line":32,"column":8},"end":{"line":34,"column":13}}]},"4":{"type":"branch","line":25,"loc":{"start":{"line":25,"column":29},"end":{"line":28,"column":21}},"locations":[{"start":{"line":25,"column":29},"end":{"line":28,"column":21}}]}},"b":{"0":[105],"1":[71],"2":[34],"3":[0],"4":[68]},"fnMap":{"0":{"name":"PokemonProperties","decl":{"start":{"line":7,"column":26},"end":{"line":38,"column":2}},"loc":{"start":{"line":7,"column":26},"end":{"line":38,"column":2}},"line":7}},"f":{"0":105}}
,"D:\\React-2023-Q4\\pokemons\\src\\components\\pokemonProperties\\index.tsx": {"path":"D:\\React-2023-Q4\\pokemons\\src\\components\\pokemonProperties\\index.tsx","all":false,"statementMap":{"0":{"start":{"line":1,"column":0},"end":{"line":1,"column":46}}},"s":{"0":1},"branchMap":{},"b":{},"fnMap":{},"f":{}}
,"D:\\React-2023-Q4\\pokemons\\src\\components\\search\\Search.tsx": {"path":"D:\\React-2023-Q4\\pokemons\\src\\components\\search\\Search.tsx","all":false,"statementMap":{"0":{"start":{"line":1,"column":0},"end":{"line":1,"column":37}},"1":{"start":{"line":2,"column":0},"end":{"line":2,"column":39}},"2":{"start":{"line":3,"column":0},"end":{"line":3,"column":39}},"3":{"start":{"line":4,"column":0},"end":{"line":4,"column":56}},"4":{"start":{"line":5,"column":0},"end":{"line":5,"column":64}},"5":{"start":{"line":6,"column":0},"end":{"line":6,"column":61}},"6":{"start":{"line":7,"column":0},"end":{"line":7,"column":49}},"7":{"start":{"line":8,"column":0},"end":{"line":8,"column":45}},"8":{"start":{"line":9,"column":0},"end":{"line":9,"column":41}},"9":{"start":{"line":10,"column":0},"end":{"line":10,"column":70}},"10":{"start":{"line":11,"column":0},"end":{"line":11,"column":52}},"11":{"start":{"line":12,"column":0},"end":{"line":12,"column":8}},"12":{"start":{"line":13,"column":0},"end":{"line":13,"column":16}},"13":{"start":{"line":14,"column":0},"end":{"line":14,"column":24}},"14":{"start":{"line":15,"column":0},"end":{"line":15,"column":37}},"15":{"start":{"line":16,"column":0},"end":{"line":16,"column":8}},"16":{"start":{"line":17,"column":0},"end":{"line":17,"column":27}},"17":{"start":{"line":18,"column":0},"end":{"line":18,"column":16}},"18":{"start":{"line":19,"column":0},"end":{"line":19,"column":20}},"19":{"start":{"line":20,"column":0},"end":{"line":20,"column":25}},"20":{"start":{"line":21,"column":0},"end":{"line":21,"column":0}},"21":{"start":{"line":22,"column":0},"end":{"line":22,"column":22}},"22":{"start":{"line":23,"column":0},"end":{"line":23,"column":60}},"23":{"start":{"line":24,"column":0},"end":{"line":24,"column":33}},"24":{"start":{"line":25,"column":0},"end":{"line":25,"column":0}},"25":{"start":{"line":26,"column":0},"end":{"line":26,"column":53}},"26":{"start":{"line":27,"column":0},"end":{"line":27,"column":45}},"27":{"start":{"line":28,"column":0},"end":{"line":28,"column":0}},"28":{"start":{"line":29,"column":0},"end":{"line":29,"column":49}},"29":{"start":{"line":30,"column":0},"end":{"line":30,"column":60}},"30":{"start":{"line":31,"column":0},"end":{"line":31,"column":4}},"31":{"start":{"line":32,"column":0},"end":{"line":32,"column":79}},"32":{"start":{"line":33,"column":0},"end":{"line":33,"column":0}},"33":{"start":{"line":34,"column":0},"end":{"line":34,"column":9}},"34":{"start":{"line":35,"column":0},"end":{"line":35,"column":33}},"35":{"start":{"line":36,"column":0},"end":{"line":36,"column":14}},"36":{"start":{"line":37,"column":0},"end":{"line":37,"column":17}},"37":{"start":{"line":38,"column":0},"end":{"line":38,"column":57}},"38":{"start":{"line":39,"column":0},"end":{"line":39,"column":0}},"39":{"start":{"line":40,"column":0},"end":{"line":40,"column":31}},"40":{"start":{"line":41,"column":0},"end":{"line":41,"column":31}},"41":{"start":{"line":42,"column":0},"end":{"line":42,"column":35}},"42":{"start":{"line":43,"column":0},"end":{"line":43,"column":4}},"43":{"start":{"line":44,"column":0},"end":{"line":44,"column":0}},"44":{"start":{"line":45,"column":0},"end":{"line":45,"column":56}},"45":{"start":{"line":46,"column":0},"end":{"line":46,"column":39}},"46":{"start":{"line":47,"column":0},"end":{"line":47,"column":4}},"47":{"start":{"line":48,"column":0},"end":{"line":48,"column":0}},"48":{"start":{"line":49,"column":0},"end":{"line":49,"column":65}},"49":{"start":{"line":50,"column":0},"end":{"line":50,"column":41}},"50":{"start":{"line":51,"column":0},"end":{"line":51,"column":20}},"51":{"start":{"line":52,"column":0},"end":{"line":52,"column":4}},"52":{"start":{"line":53,"column":0},"end":{"line":53,"column":0}},"53":{"start":{"line":54,"column":0},"end":{"line":54,"column":29}},"54":{"start":{"line":55,"column":0},"end":{"line":55,"column":34}},"55":{"start":{"line":56,"column":0},"end":{"line":56,"column":69}},"56":{"start":{"line":57,"column":0},"end":{"line":57,"column":4}},"57":{"start":{"line":58,"column":0},"end":{"line":58,"column":0}},"58":{"start":{"line":59,"column":0},"end":{"line":59,"column":46}},"59":{"start":{"line":60,"column":0},"end":{"line":60,"column":18}},"60":{"start":{"line":61,"column":0},"end":{"line":61,"column":35}},"61":{"start":{"line":62,"column":0},"end":{"line":62,"column":4}},"62":{"start":{"line":63,"column":0},"end":{"line":63,"column":0}},"63":{"start":{"line":64,"column":0},"end":{"line":64,"column":19}},"64":{"start":{"line":65,"column":0},"end":{"line":65,"column":14}},"65":{"start":{"line":66,"column":0},"end":{"line":66,"column":37}},"66":{"start":{"line":67,"column":0},"end":{"line":67,"column":45}},"67":{"start":{"line":68,"column":0},"end":{"line":68,"column":7}},"68":{"start":{"line":69,"column":0},"end":{"line":69,"column":52}},"69":{"start":{"line":70,"column":0},"end":{"line":70,"column":0}},"70":{"start":{"line":71,"column":0},"end":{"line":71,"column":10}},"71":{"start":{"line":72,"column":0},"end":{"line":72,"column":8}},"72":{"start":{"line":73,"column":0},"end":{"line":73,"column":38}},"73":{"start":{"line":74,"column":0},"end":{"line":74,"column":58}},"74":{"start":{"line":75,"column":0},"end":{"line":75,"column":9}},"75":{"start":{"line":76,"column":0},"end":{"line":76,"column":27}},"76":{"start":{"line":77,"column":0},"end":{"line":77,"column":5}},"77":{"start":{"line":78,"column":0},"end":{"line":78,"column":33}},"78":{"start":{"line":79,"column":0},"end":{"line":79,"column":33}},"79":{"start":{"line":80,"column":0},"end":{"line":80,"column":64}},"80":{"start":{"line":81,"column":0},"end":{"line":81,"column":55}},"81":{"start":{"line":82,"column":0},"end":{"line":82,"column":75}},"82":{"start":{"line":83,"column":0},"end":{"line":83,"column":26}},"83":{"start":{"line":84,"column":0},"end":{"line":84,"column":26}},"84":{"start":{"line":85,"column":0},"end":{"line":85,"column":66}},"85":{"start":{"line":86,"column":0},"end":{"line":86,"column":23}},"86":{"start":{"line":87,"column":0},"end":{"line":87,"column":59}},"87":{"start":{"line":88,"column":0},"end":{"line":88,"column":25}},"88":{"start":{"line":89,"column":0},"end":{"line":89,"column":45}},"89":{"start":{"line":90,"column":0},"end":{"line":90,"column":14}},"90":{"start":{"line":91,"column":0},"end":{"line":91,"column":12}},"91":{"start":{"line":92,"column":0},"end":{"line":92,"column":14}},"92":{"start":{"line":93,"column":0},"end":{"line":93,"column":12}},"93":{"start":{"line":94,"column":0},"end":{"line":94,"column":10}},"94":{"start":{"line":95,"column":0},"end":{"line":95,"column":4}},"95":{"start":{"line":96,"column":0},"end":{"line":96,"column":2}},"96":{"start":{"line":97,"column":0},"end":{"line":97,"column":0}},"97":{"start":{"line":98,"column":0},"end":{"line":98,"column":22}}},"s":{"0":1,"1":1,"2":1,"3":1,"4":1,"5":1,"6":1,"7":1,"8":1,"9":1,"10":1,"11":1,"12":1,"13":1,"14":1,"15":1,"16":1,"17":1,"18":1,"19":1,"20":1,"21":1,"22":41,"23":41,"24":41,"25":41,"26":41,"27":41,"28":41,"29":41,"30":41,"31":41,"32":41,"33":41,"34":41,"35":41,"36":41,"37":41,"38":41,"39":41,"40":2,"41":2,"42":2,"43":41,"44":41,"45":1,"46":1,"47":41,"48":41,"49":1,"50":1,"51":1,"52":41,"53":41,"54":9,"55":0,"56":9,"57":41,"58":41,"59":5,"60":5,"61":5,"62":41,"63":41,"64":23,"65":23,"66":23,"67":23,"68":41,"69":41,"70":41,"71":41,"72":41,"73":41,"74":41,"75":41,"76":41,"77":41,"78":41,"79":41,"80":41,"81":41,"82":41,"83":41,"84":41,"85":21,"86":21,"87":21,"88":21,"89":21,"90":41,"91":41,"92":41,"93":41,"94":41,"95":41,"96":1,"97":1},"branchMap":{"0":{"type":"branch","line":22,"loc":{"start":{"line":22,"column":15},"end":{"line":96,"column":2}},"locations":[{"start":{"line":22,"column":15},"end":{"line":96,"column":2}}]},"1":{"type":"branch","line":30,"loc":{"start":{"line":30,"column":42},"end":{"line":30,"column":60}},"locations":[{"start":{"line":30,"column":42},"end":{"line":30,"column":60}}]},"2":{"type":"branch","line":32,"loc":{"start":{"line":32,"column":71},"end":{"line":32,"column":77}},"locations":[{"start":{"line":32,"column":71},"end":{"line":32,"column":77}}]},"3":{"type":"branch","line":74,"loc":{"start":{"line":74,"column":34},"end":{"line":74,"column":56}},"locations":[{"start":{"line":74,"column":34},"end":{"line":74,"column":56}}]},"4":{"type":"branch","line":74,"loc":{"start":{"line":74,"column":45},"end":{"line":74,"column":58}},"locations":[{"start":{"line":74,"column":45},"end":{"line":74,"column":58}}]},"5":{"type":"branch","line":85,"loc":{"start":{"line":85,"column":19},"end":{"line":85,"column":48}},"locations":[{"start":{"line":85,"column":19},"end":{"line":85,"column":48}}]},"6":{"type":"branch","line":85,"loc":{"start":{"line":85,"column":35},"end":{"line":85,"column":66}},"locations":[{"start":{"line":85,"column":35},"end":{"line":85,"column":66}}]},"7":{"type":"branch","line":85,"loc":{"start":{"line":85,"column":49},"end":{"line":90,"column":14}},"locations":[{"start":{"line":85,"column":49},"end":{"line":90,"column":14}}]},"8":{"type":"branch","line":40,"loc":{"start":{"line":40,"column":24},"end":{"line":43,"column":4}},"locations":[{"start":{"line":40,"column":24},"end":{"line":43,"column":4}}]},"9":{"type":"branch","line":45,"loc":{"start":{"line":45,"column":27},"end":{"line":47,"column":4}},"locations":[{"start":{"line":45,"column":27},"end":{"line":47,"column":4}}]},"10":{"type":"branch","line":49,"loc":{"start":{"line":49,"column":31},"end":{"line":52,"column":4}},"locations":[{"start":{"line":49,"column":31},"end":{"line":52,"column":4}}]},"11":{"type":"branch","line":54,"loc":{"start":{"line":54,"column":22},"end":{"line":57,"column":4}},"locations":[{"start":{"line":54,"column":22},"end":{"line":57,"column":4}}]},"12":{"type":"branch","line":55,"loc":{"start":{"line":55,"column":30},"end":{"line":56,"column":69}},"locations":[{"start":{"line":55,"column":30},"end":{"line":56,"column":69}}]},"13":{"type":"branch","line":59,"loc":{"start":{"line":59,"column":27},"end":{"line":62,"column":4}},"locations":[{"start":{"line":59,"column":27},"end":{"line":62,"column":4}}]},"14":{"type":"branch","line":64,"loc":{"start":{"line":64,"column":12},"end":{"line":69,"column":5}},"locations":[{"start":{"line":64,"column":12},"end":{"line":69,"column":5}}]}},"b":{"0":[41],"1":[5],"2":[0],"3":[5],"4":[36],"5":[27],"6":[21],"7":[21],"8":[2],"9":[1],"10":[1],"11":[9],"12":[0],"13":[5],"14":[23]},"fnMap":{"0":{"name":"Search","decl":{"start":{"line":22,"column":15},"end":{"line":96,"column":2}},"loc":{"start":{"line":22,"column":15},"end":{"line":96,"column":2}},"line":22},"1":{"name":"goToFirstPage","decl":{"start":{"line":40,"column":24},"end":{"line":43,"column":4}},"loc":{"start":{"line":40,"column":24},"end":{"line":43,"column":4}},"line":40},"2":{"name":"handleFormSubmit","decl":{"start":{"line":45,"column":27},"end":{"line":47,"column":4}},"loc":{"start":{"line":45,"column":27},"end":{"line":47,"column":4}},"line":45},"3":{"name":"handleSettingsChange","decl":{"start":{"line":49,"column":31},"end":{"line":52,"column":4}},"loc":{"start":{"line":49,"column":31},"end":{"line":52,"column":4}},"line":49},"4":{"name":"closeDetail","decl":{"start":{"line":54,"column":22},"end":{"line":57,"column":4}},"loc":{"start":{"line":54,"column":22},"end":{"line":57,"column":4}},"line":54},"5":{"name":"handleChangePage","decl":{"start":{"line":59,"column":27},"end":{"line":62,"column":4}},"loc":{"start":{"line":59,"column":27},"end":{"line":62,"column":4}},"line":59}},"f":{"0":41,"1":2,"2":1,"3":1,"4":9,"5":5}}
,"D:\\React-2023-Q4\\pokemons\\src\\components\\search\\index.tsx": {"path":"D:\\React-2023-Q4\\pokemons\\src\\components\\search\\index.tsx","all":false,"statementMap":{"0":{"start":{"line":1,"column":0},"end":{"line":1,"column":35}}},"s":{"0":1},"branchMap":{},"b":{},"fnMap":{},"f":{}}
,"D:\\React-2023-Q4\\pokemons\\src\\components\\searchBar\\SearchBar.tsx": {"path":"D:\\React-2023-Q4\\pokemons\\src\\components\\searchBar\\SearchBar.tsx","all":false,"statementMap":{"0":{"start":{"line":1,"column":0},"end":{"line":1,"column":56}},"1":{"start":{"line":2,"column":0},"end":{"line":2,"column":41}},"2":{"start":{"line":3,"column":0},"end":{"line":3,"column":29}},"3":{"start":{"line":4,"column":0},"end":{"line":4,"column":31}},"4":{"start":{"line":5,"column":0},"end":{"line":5,"column":40}},"5":{"start":{"line":6,"column":0},"end":{"line":6,"column":8}},"6":{"start":{"line":7,"column":0},"end":{"line":7,"column":16}},"7":{"start":{"line":8,"column":0},"end":{"line":8,"column":24}},"8":{"start":{"line":9,"column":0},"end":{"line":9,"column":37}},"9":{"start":{"line":10,"column":0},"end":{"line":10,"column":46}},"10":{"start":{"line":11,"column":0},"end":{"line":11,"column":0}},"11":{"start":{"line":12,"column":0},"end":{"line":12,"column":57}},"12":{"start":{"line":13,"column":0},"end":{"line":13,"column":42}},"13":{"start":{"line":14,"column":0},"end":{"line":14,"column":25}},"14":{"start":{"line":15,"column":0},"end":{"line":15,"column":53}},"15":{"start":{"line":16,"column":0},"end":{"line":16,"column":45}},"16":{"start":{"line":17,"column":0},"end":{"line":17,"column":0}},"17":{"start":{"line":18,"column":0},"end":{"line":18,"column":58}},"18":{"start":{"line":19,"column":0},"end":{"line":19,"column":25}},"19":{"start":{"line":20,"column":0},"end":{"line":20,"column":4}},"20":{"start":{"line":21,"column":0},"end":{"line":21,"column":0}},"21":{"start":{"line":22,"column":0},"end":{"line":22,"column":65}},"22":{"start":{"line":23,"column":0},"end":{"line":23,"column":23}},"23":{"start":{"line":24,"column":0},"end":{"line":24,"column":38}},"24":{"start":{"line":25,"column":0},"end":{"line":25,"column":46}},"25":{"start":{"line":26,"column":0},"end":{"line":26,"column":39}},"26":{"start":{"line":27,"column":0},"end":{"line":27,"column":14}},"27":{"start":{"line":28,"column":0},"end":{"line":28,"column":24}},"28":{"start":{"line":29,"column":0},"end":{"line":29,"column":37}},"29":{"start":{"line":30,"column":0},"end":{"line":30,"column":7}},"30":{"start":{"line":31,"column":0},"end":{"line":31,"column":4}},"31":{"start":{"line":32,"column":0},"end":{"line":32,"column":0}},"32":{"start":{"line":33,"column":0},"end":{"line":33,"column":10}},"33":{"start":{"line":34,"column":0},"end":{"line":34,"column":59}},"34":{"start":{"line":35,"column":0},"end":{"line":35,"column":49}},"35":{"start":{"line":36,"column":0},"end":{"line":36,"column":45}},"36":{"start":{"line":37,"column":0},"end":{"line":37,"column":11}},"37":{"start":{"line":38,"column":0},"end":{"line":38,"column":4}},"38":{"start":{"line":39,"column":0},"end":{"line":39,"column":2}},"39":{"start":{"line":40,"column":0},"end":{"line":40,"column":0}},"40":{"start":{"line":41,"column":0},"end":{"line":41,"column":25}}},"s":{"0":1,"1":1,"2":1,"3":1,"4":1,"5":1,"6":1,"7":1,"8":1,"9":1,"10":1,"11":1,"12":44,"13":44,"14":44,"15":44,"16":44,"17":44,"18":3,"19":3,"20":44,"21":44,"22":1,"23":1,"24":1,"25":1,"26":1,"27":1,"28":1,"29":1,"30":1,"31":44,"32":44,"33":44,"34":44,"35":44,"36":44,"37":44,"38":44,"39":1,"40":1},"branchMap":{"0":{"type":"branch","line":12,"loc":{"start":{"line":12,"column":18},"end":{"line":39,"column":2}},"locations":[{"start":{"line":12,"column":18},"end":{"line":39,"column":2}}]},"1":{"type":"branch","line":18,"loc":{"start":{"line":18,"column":28},"end":{"line":20,"column":4}},"locations":[{"start":{"line":18,"column":28},"end":{"line":20,"column":4}}]},"2":{"type":"branch","line":22,"loc":{"start":{"line":22,"column":23},"end":{"line":31,"column":4}},"locations":[{"start":{"line":22,"column":23},"end":{"line":31,"column":4}}]}},"b":{"0":[44],"1":[3],"2":[1]},"fnMap":{"0":{"name":"SearchBar","decl":{"start":{"line":12,"column":18},"end":{"line":39,"column":2}},"loc":{"start":{"line":12,"column":18},"end":{"line":39,"column":2}},"line":12},"1":{"name":"handleInputChange","decl":{"start":{"line":18,"column":28},"end":{"line":20,"column":4}},"loc":{"start":{"line":18,"column":28},"end":{"line":20,"column":4}},"line":18},"2":{"name":"handleSubmit","decl":{"start":{"line":22,"column":23},"end":{"line":31,"column":4}},"loc":{"start":{"line":22,"column":23},"end":{"line":31,"column":4}},"line":22}},"f":{"0":44,"1":3,"2":1}}
,"D:\\React-2023-Q4\\pokemons\\src\\components\\searchBar\\index.tsx": {"path":"D:\\React-2023-Q4\\pokemons\\src\\components\\searchBar\\index.tsx","all":false,"statementMap":{"0":{"start":{"line":1,"column":0},"end":{"line":1,"column":38}}},"s":{"0":1},"branchMap":{},"b":{},"fnMap":{},"f":{}}
,"D:\\React-2023-Q4\\pokemons\\src\\components\\searchList\\SearchList.tsx": {"path":"D:\\React-2023-Q4\\pokemons\\src\\components\\searchList\\SearchList.tsx","all":false,"statementMap":{"0":{"start":{"line":1,"column":0},"end":{"line":1,"column":34}},"1":{"start":{"line":2,"column":0},"end":{"line":2,"column":33}},"2":{"start":{"line":3,"column":0},"end":{"line":3,"column":40}},"3":{"start":{"line":4,"column":0},"end":{"line":4,"column":53}},"4":{"start":{"line":5,"column":0},"end":{"line":5,"column":35}},"5":{"start":{"line":6,"column":0},"end":{"line":6,"column":60}},"6":{"start":{"line":7,"column":0},"end":{"line":7,"column":60}},"7":{"start":{"line":8,"column":0},"end":{"line":8,"column":41}},"8":{"start":{"line":9,"column":0},"end":{"line":9,"column":0}},"9":{"start":{"line":10,"column":0},"end":{"line":10,"column":26}},"10":{"start":{"line":11,"column":0},"end":{"line":11,"column":43}},"11":{"start":{"line":12,"column":0},"end":{"line":12,"column":56}},"12":{"start":{"line":13,"column":0},"end":{"line":13,"column":0}},"13":{"start":{"line":14,"column":0},"end":{"line":14,"column":10}},"14":{"start":{"line":15,"column":0},"end":{"line":15,"column":6}},"15":{"start":{"line":16,"column":0},"end":{"line":16,"column":39}},"16":{"start":{"line":17,"column":0},"end":{"line":17,"column":52}},"17":{"start":{"line":18,"column":0},"end":{"line":18,"column":11}},"18":{"start":{"line":19,"column":0},"end":{"line":19,"column":35}},"19":{"start":{"line":20,"column":0},"end":{"line":20,"column":54}},"20":{"start":{"line":21,"column":0},"end":{"line":21,"column":20}},"21":{"start":{"line":22,"column":0},"end":{"line":22,"column":22}},"22":{"start":{"line":23,"column":0},"end":{"line":23,"column":80}},"23":{"start":{"line":24,"column":0},"end":{"line":24,"column":30}},"24":{"start":{"line":25,"column":0},"end":{"line":25,"column":19}},"25":{"start":{"line":26,"column":0},"end":{"line":26,"column":39}},"26":{"start":{"line":27,"column":0},"end":{"line":27,"column":34}},"27":{"start":{"line":28,"column":0},"end":{"line":28,"column":15}},"28":{"start":{"line":29,"column":0},"end":{"line":29,"column":49}},"29":{"start":{"line":30,"column":0},"end":{"line":30,"column":24}},"30":{"start":{"line":31,"column":0},"end":{"line":31,"column":14}},"31":{"start":{"line":32,"column":0},"end":{"line":32,"column":13}},"32":{"start":{"line":33,"column":0},"end":{"line":33,"column":13}},"33":{"start":{"line":34,"column":0},"end":{"line":34,"column":8}},"34":{"start":{"line":35,"column":0},"end":{"line":35,"column":7}},"35":{"start":{"line":36,"column":0},"end":{"line":36,"column":4}},"36":{"start":{"line":37,"column":0},"end":{"line":37,"column":2}},"37":{"start":{"line":38,"column":0},"end":{"line":38,"column":0}},"38":{"start":{"line":39,"column":0},"end":{"line":39,"column":26}}},"s":{"0":1,"1":1,"2":1,"3":1,"4":1,"5":1,"6":1,"7":1,"8":1,"9":1,"10":31,"11":31,"12":31,"13":31,"14":31,"15":31,"16":8,"17":23,"18":23,"19":23,"20":69,"21":69,"22":69,"23":69,"24":69,"25":69,"26":69,"27":69,"28":69,"29":69,"30":69,"31":23,"32":23,"33":31,"34":31,"35":31,"36":31,"37":1,"38":1},"branchMap":{"0":{"type":"branch","line":10,"loc":{"start":{"line":10,"column":19},"end":{"line":37,"column":2}},"locations":[{"start":{"line":10,"column":19},"end":{"line":37,"column":2}}]},"1":{"type":"branch","line":16,"loc":{"start":{"line":16,"column":34},"end":{"line":17,"column":52}},"locations":[{"start":{"line":16,"column":34},"end":{"line":17,"column":52}}]},"2":{"type":"branch","line":17,"loc":{"start":{"line":17,"column":50},"end":{"line":33,"column":13}},"locations":[{"start":{"line":17,"column":50},"end":{"line":33,"column":13}}]},"3":{"type":"branch","line":20,"loc":{"start":{"line":20,"column":31},"end":{"line":32,"column":11}},"locations":[{"start":{"line":20,"column":31},"end":{"line":32,"column":11}}]},"4":{"type":"branch","line":23,"loc":{"start":{"line":23,"column":62},"end":{"line":23,"column":68}},"locations":[{"start":{"line":23,"column":62},"end":{"line":23,"column":68}}]}},"b":{"0":[31],"1":[8],"2":[23],"3":[69],"4":[0]},"fnMap":{"0":{"name":"SearchList","decl":{"start":{"line":10,"column":19},"end":{"line":37,"column":2}},"loc":{"start":{"line":10,"column":19},"end":{"line":37,"column":2}},"line":10}},"f":{"0":31}}
,"D:\\React-2023-Q4\\pokemons\\src\\components\\searchList\\index.tsx": {"path":"D:\\React-2023-Q4\\pokemons\\src\\components\\searchList\\index.tsx","all":false,"statementMap":{"0":{"start":{"line":1,"column":0},"end":{"line":1,"column":39}}},"s":{"0":1},"branchMap":{},"b":{},"fnMap":{},"f":{}}
,"D:\\React-2023-Q4\\pokemons\\src\\components\\select\\Select.tsx": {"path":"D:\\React-2023-Q4\\pokemons\\src\\components\\select\\Select.tsx","all":false,"statementMap":{"0":{"start":{"line":1,"column":0},"end":{"line":1,"column":44}},"1":{"start":{"line":2,"column":0},"end":{"line":2,"column":38}},"2":{"start":{"line":3,"column":0},"end":{"line":3,"column":41}},"3":{"start":{"line":4,"column":0},"end":{"line":4,"column":48}},"4":{"start":{"line":5,"column":0},"end":{"line":5,"column":0}},"5":{"start":{"line":6,"column":0},"end":{"line":6,"column":68}},"6":{"start":{"line":7,"column":0},"end":{"line":7,"column":79}},"7":{"start":{"line":8,"column":0},"end":{"line":8,"column":73}},"8":{"start":{"line":9,"column":0},"end":{"line":9,"column":54}},"9":{"start":{"line":10,"column":0},"end":{"line":10,"column":50}},"10":{"start":{"line":11,"column":0},"end":{"line":11,"column":0}},"11":{"start":{"line":12,"column":0},"end":{"line":12,"column":19}},"12":{"start":{"line":13,"column":0},"end":{"line":13,"column":68}},"13":{"start":{"line":14,"column":0},"end":{"line":14,"column":16}},"14":{"start":{"line":15,"column":0},"end":{"line":15,"column":0}},"15":{"start":{"line":16,"column":0},"end":{"line":16,"column":10}},"16":{"start":{"line":17,"column":0},"end":{"line":17,"column":8}},"17":{"start":{"line":18,"column":0},"end":{"line":18,"column":78}},"18":{"start":{"line":19,"column":0},"end":{"line":19,"column":5}},"19":{"start":{"line":20,"column":0},"end":{"line":20,"column":13}},"20":{"start":{"line":21,"column":0},"end":{"line":21,"column":33}},"21":{"start":{"line":22,"column":0},"end":{"line":22,"column":21}},"22":{"start":{"line":23,"column":0},"end":{"line":23,"column":24}},"23":{"start":{"line":24,"column":0},"end":{"line":24,"column":33}},"24":{"start":{"line":25,"column":0},"end":{"line":25,"column":39}},"25":{"start":{"line":26,"column":0},"end":{"line":26,"column":10}},"26":{"start":{"line":27,"column":0},"end":{"line":27,"column":7}},"27":{"start":{"line":28,"column":0},"end":{"line":28,"column":24}},"28":{"start":{"line":29,"column":0},"end":{"line":29,"column":15}},"29":{"start":{"line":30,"column":0},"end":{"line":30,"column":38}},"30":{"start":{"line":31,"column":0},"end":{"line":31,"column":35}},"31":{"start":{"line":32,"column":0},"end":{"line":32,"column":17}},"32":{"start":{"line":33,"column":0},"end":{"line":33,"column":30}},"33":{"start":{"line":34,"column":0},"end":{"line":34,"column":37}},"34":{"start":{"line":35,"column":0},"end":{"line":35,"column":25}},"35":{"start":{"line":36,"column":0},"end":{"line":36,"column":32}},"36":{"start":{"line":37,"column":0},"end":{"line":37,"column":54}},"37":{"start":{"line":38,"column":0},"end":{"line":38,"column":28}},"38":{"start":{"line":39,"column":0},"end":{"line":39,"column":40}},"39":{"start":{"line":40,"column":0},"end":{"line":40,"column":33}},"40":{"start":{"line":41,"column":0},"end":{"line":41,"column":37}},"41":{"start":{"line":42,"column":0},"end":{"line":42,"column":14}},"42":{"start":{"line":43,"column":0},"end":{"line":43,"column":11}},"43":{"start":{"line":44,"column":0},"end":{"line":44,"column":26}},"44":{"start":{"line":45,"column":0},"end":{"line":45,"column":19}},"45":{"start":{"line":46,"column":0},"end":{"line":46,"column":11}},"46":{"start":{"line":47,"column":0},"end":{"line":47,"column":12}},"47":{"start":{"line":48,"column":0},"end":{"line":48,"column":10}},"48":{"start":{"line":49,"column":0},"end":{"line":49,"column":4}},"49":{"start":{"line":50,"column":0},"end":{"line":50,"column":2}},"50":{"start":{"line":51,"column":0},"end":{"line":51,"column":0}},"51":{"start":{"line":52,"column":0},"end":{"line":52,"column":22}}},"s":{"0":1,"1":1,"2":1,"3":1,"4":1,"5":1,"6":46,"7":46,"8":46,"9":46,"10":46,"11":46,"12":11,"13":46,"14":46,"15":46,"16":46,"17":46,"18":46,"19":46,"20":46,"21":46,"22":46,"23":1,"24":1,"25":1,"26":46,"27":46,"28":46,"29":46,"30":46,"31":131,"32":131,"33":131,"34":131,"35":131,"36":131,"37":131,"38":2,"39":2,"40":2,"41":2,"42":131,"43":131,"44":131,"45":46,"46":46,"47":46,"48":46,"49":46,"50":1,"51":1},"branchMap":{"0":{"type":"branch","line":6,"loc":{"start":{"line":6,"column":15},"end":{"line":50,"column":2}},"locations":[{"start":{"line":6,"column":15},"end":{"line":50,"column":2}}]},"1":{"type":"branch","line":7,"loc":{"start":{"line":7,"column":60},"end":{"line":7,"column":79}},"locations":[{"start":{"line":7,"column":60},"end":{"line":7,"column":79}}]},"2":{"type":"branch","line":18,"loc":{"start":{"line":18,"column":37},"end":{"line":18,"column":75}},"locations":[{"start":{"line":18,"column":37},"end":{"line":18,"column":75}}]},"3":{"type":"branch","line":28,"loc":{"start":{"line":28,"column":9},"end":{"line":28,"column":24}},"locations":[{"start":{"line":28,"column":9},"end":{"line":28,"column":24}}]},"4":{"type":"branch","line":8,"loc":{"start":{"line":8,"column":35},"end":{"line":8,"column":71}},"locations":[{"start":{"line":8,"column":35},"end":{"line":8,"column":71}}]},"5":{"type":"branch","line":12,"loc":{"start":{"line":12,"column":12},"end":{"line":14,"column":5}},"locations":[{"start":{"line":12,"column":12},"end":{"line":14,"column":5}}]},"6":{"type":"branch","line":13,"loc":{"start":{"line":13,"column":51},"end":{"line":13,"column":65}},"locations":[{"start":{"line":13,"column":51},"end":{"line":13,"column":65}}]},"7":{"type":"branch","line":23,"loc":{"start":{"line":23,"column":17},"end":{"line":26,"column":10}},"locations":[{"start":{"line":23,"column":17},"end":{"line":26,"column":10}}]},"8":{"type":"branch","line":31,"loc":{"start":{"line":31,"column":22},"end":{"line":45,"column":19}},"locations":[{"start":{"line":31,"column":22},"end":{"line":45,"column":19}}]},"9":{"type":"branch","line":37,"loc":{"start":{"line":37,"column":39},"end":{"line":37,"column":54}},"locations":[{"start":{"line":37,"column":39},"end":{"line":37,"column":54}}]},"10":{"type":"branch","line":38,"loc":{"start":{"line":38,"column":21},"end":{"line":42,"column":14}},"locations":[{"start":{"line":38,"column":21},"end":{"line":42,"column":14}}]},"11":{"type":"branch","line":41,"loc":{"start":{"line":41,"column":26},"end":{"line":41,"column":3
[...]
,"D:\\React-2023-Q4\\pokemons\\src\\pages\\home\\Home.tsx": {"path":"D:\\React-2023-Q4\\pokemons\\src\\pages\\home\\Home.tsx","all":false,"statementMap":{"0":{"start":{"line":1,"column":0},"end":{"line":1,"column":78}},"1":{"start":{"line":2,"column":0},"end":{"line":2,"column":52}},"2":{"start":{"line":3,"column":0},"end":{"line":3,"column":41}},"3":{"start":{"line":4,"column":0},"end":{"line":4,"column":8}},"4":{"start":{"line":5,"column":0},"end":{"line":5,"column":16}},"5":{"start":{"line":6,"column":0},"end":{"line":6,"column":24}},"6":{"start":{"line":7,"column":0},"end":{"line":7,"column":37}},"7":{"start":{"line":8,"column":0},"end":{"line":8,"column":35}},"8":{"start":{"line":9,"column":0},"end":{"line":9,"column":54}},"9":{"start":{"line":10,"column":0},"end":{"line":10,"column":50}},"10":{"start":{"line":11,"column":0},"end":{"line":11,"column":0}},"11":{"start":{"line":12,"column":0},"end":{"line":12,"column":20}},"12":{"start":{"line":13,"column":0},"end":{"line":13,"column":43}},"13":{"start":{"line":14,"column":0},"end":{"line":14,"column":68}},"14":{"start":{"line":15,"column":0},"end":{"line":15,"column":0}},"15":{"start":{"line":16,"column":0},"end":{"line":16,"column":10}},"16":{"start":{"line":17,"column":0},"end":{"line":17,"column":33}},"17":{"start":{"line":18,"column":0},"end":{"line":18,"column":44}},"18":{"start":{"line":19,"column":0},"end":{"line":19,"column":57}},"19":{"start":{"line":20,"column":0},"end":{"line":20,"column":20}},"20":{"start":{"line":21,"column":0},"end":{"line":21,"column":41}},"21":{"start":{"line":22,"column":0},"end":{"line":22,"column":31}},"22":{"start":{"line":23,"column":0},"end":{"line":23,"column":39}},"23":{"start":{"line":24,"column":0},"end":{"line":24,"column":40}},"24":{"start":{"line":25,"column":0},"end":{"line":25,"column":20}},"25":{"start":{"line":26,"column":0},"end":{"line":26,"column":14}},"26":{"start":{"line":27,"column":0},"end":{"line":27,"column":8}},"27":{"start":{"line":28,"column":0},"end":{"line":28,"column":27}},"28":{"start":{"line":29,"column":0},"end":{"line":29,"column":10}},"29":{"start":{"line":30,"column":0},"end":{"line":30,"column":4}},"30":{"start":{"line":31,"column":0},"end":{"line":31,"column":2}},"31":{"start":{"line":32,"column":0},"end":{"line":32,"column":0}},"32":{"start":{"line":33,"column":0},"end":{"line":33,"column":20}}},"s":{"0":1,"1":1,"2":1,"3":1,"4":1,"5":1,"6":1,"7":1,"8":1,"9":1,"10":1,"11":1,"12":10,"13":10,"14":10,"15":10,"16":10,"17":10,"18":10,"19":10,"20":10,"21":10,"22":10,"23":4,"24":4,"25":4,"26":10,"27":10,"28":10,"29":10,"30":10,"31":1,"32":1},"branchMap":{"0":{"type":"branch","line":12,"loc":{"start":{"line":12,"column":13},"end":{"line":31,"column":2}},"locations":[{"start":{"line":12,"column":13},"end":{"line":31,"column":2}}]},"1":{"type":"branch","line":23,"loc":{"start":{"line":23,"column":33},"end":{"line":26,"column":14}},"locations":[{"start":{"line":23,"column":33},"end":{"line":26,"column":14}}]}},"b":{"0":[10],"1":[4]},"fnMap":{"0":{"name":"Home","decl":{"start":{"line":12,"column":13},"end":{"line":31,"column":2}},"loc":{"start":{"line":12,"column":13},"end":{"line":31,"column":2}},"line":12}},"f":{"0":10}}
,"D:\\React-2023-Q4\\pokemons\\src\\pages\\home\\index.tsx": {"path":"D:\\React-2023-Q4\\pokemons\\src\\pages\\home\\index.tsx","all":false,"statementMap":{"0":{"start":{"line":1,"column":0},"end":{"line":1,"column":33}}},"s":{"0":1},"branchMap":{},"b":{},"fnMap":{},"f":{}}
,"D:\\React-2023-Q4\\pokemons\\src\\pages\\notFound\\NotFound.tsx": {"path":"D:\\React-2023-Q4\\pokemons\\src\\pages\\notFound\\NotFound.tsx","all":false,"statementMap":{"0":{"start":{"line":1,"column":0},"end":{"line":1,"column":47}},"1":{"start":{"line":2,"column":0},"end":{"line":2,"column":0}},"2":{"start":{"line":3,"column":0},"end":{"line":3,"column":24}},"3":{"start":{"line":4,"column":0},"end":{"line":4,"column":10}},"4":{"start":{"line":5,"column":0},"end":{"line":5,"column":31}},"5":{"start":{"line":6,"column":0},"end":{"line":6,"column":31}},"6":{"start":{"line":7,"column":0},"end":{"line":7,"column":48}},"7":{"start":{"line":8,"column":0},"end":{"line":8,"column":12}},"8":{"start":{"line":9,"column":0},"end":{"line":9,"column":10}},"9":{"start":{"line":10,"column":0},"end":{"line":10,"column":4}},"10":{"start":{"line":11,"column":0},"end":{"line":11,"column":2}},"11":{"start":{"line":12,"column":0},"end":{"line":12,"column":0}},"12":{"start":{"line":13,"column":0},"end":{"line":13,"column":24}}},"s":{"0":1,"1":1,"2":1,"3":1,"4":1,"5":1,"6":1,"7":1,"8":1,"9":1,"10":1,"11":1,"12":1},"branchMap":{"0":{"type":"branch","line":3,"loc":{"start":{"line":3,"column":17},"end":{"line":11,"column":2}},"locations":[{"start":{"line":3,"column":17},"end":{"line":11,"column":2}}]}},"b":{"0":[1]},"fnMap":{"0":{"name":"NotFound","decl":{"start":{"line":3,"column":17},"end":{"line":11,"column":2}},"loc":{"start":{"line":3,"column":17},"end":{"line":11,"column":2}},"line":3}},"f":{"0":1}}
,"D:\\React-2023-Q4\\pokemons\\src\\pages\\notFound\\index.tsx": {"path":"D:\\React-2023-Q4\\pokemons\\src\\pages\\notFound\\index.tsx","all":false,"statementMap":{"0":{"start":{"line":1,"column":0},"end":{"line":1,"column":37}}},"s":{"0":1},"branchMap":{},"b":{},"fnMap":{},"f":{}}
,"D:\\React-2023-Q4\\pokemons\\src\\services\\pokemon.ts": {"path":"D:\\React-2023-Q4\\pokemons\\src\\services\\pokemon.ts","all":false,"statementMap":{"0":{"start":{"line":1,"column":0},"end":{"line":1,"column":69}},"1":{"start":{"line":2,"column":0},"end":{"line":2,"column":55}},"2":{"start":{"line":3,"column":0},"end":{"line":3,"column":0}},"3":{"start":{"line":4,"column":0},"end":{"line":4,"column":54}},"4":{"start":{"line":5,"column":0},"end":{"line":5,"column":67}},"5":{"start":{"line":6,"column":0},"end":{"line":6,"column":0}},"6":{"start":{"line":7,"column":0},"end":{"line":7,"column":74}},"7":{"start":{"line":8,"column":0},"end":{"line":8,"column":7}},"8":{"start":{"line":9,"column":0},"end":{"line":9,"column":38}},"9":{"start":{"line":10,"column":0},"end":{"line":10,"column":41}},"10":{"start":{"line":11,"column":0},"end":{"line":11,"column":22}},"11":{"start":{"line":12,"column":0},"end":{"line":12,"column":19}},"12":{"start":{"line":13,"column":0},"end":{"line":13,"column":58}},"13":{"start":{"line":14,"column":0},"end":{"line":14,"column":3}},"14":{"start":{"line":15,"column":0},"end":{"line":15,"column":2}},"15":{"start":{"line":16,"column":0},"end":{"line":16,"column":0}},"16":{"start":{"line":17,"column":0},"end":{"line":17,"column":27}},"17":{"start":{"line":18,"column":0},"end":{"line":18,"column":13}},"18":{"start":{"line":19,"column":0},"end":{"line":19,"column":50}},"19":{"start":{"line":20,"column":0},"end":{"line":20,"column":46}},"20":{"start":{"line":21,"column":0},"end":{"line":21,"column":2}},"21":{"start":{"line":22,"column":0},"end":{"line":22,"column":0}},"22":{"start":{"line":23,"column":0},"end":{"line":23,"column":33}},"23":{"start":{"line":24,"column":0},"end":{"line":24,"column":14}},"24":{"start":{"line":25,"column":0},"end":{"line":25,"column":50}},"25":{"start":{"line":26,"column":0},"end":{"line":26,"column":79}},"26":{"start":{"line":27,"column":0},"end":{"line":27,"column":2}},"27":{"start":{"line":28,"column":0},"end":{"line":28,"column":0}},"28":{"start":{"line":29,"column":0},"end":{"line":29,"column":35}},"29":{"start":{"line":30,"column":0},"end":{"line":30,"column":17}},"30":{"start":{"line":31,"column":0},"end":{"line":31,"column":18}},"31":{"start":{"line":32,"column":0},"end":{"line":32,"column":17}},"32":{"start":{"line":33,"column":0},"end":{"line":33,"column":45}},"33":{"start":{"line":34,"column":0},"end":{"line":34,"column":36}},"34":{"start":{"line":35,"column":0},"end":{"line":35,"column":69}},"35":{"start":{"line":36,"column":0},"end":{"line":36,"column":4}},"36":{"start":{"line":37,"column":0},"end":{"line":37,"column":2}}},"s":{"0":1,"1":1,"2":1,"3":1,"4":1,"5":1,"6":1,"7":59,"8":59,"9":56,"10":55,"11":56,"12":1,"13":1,"14":59,"15":1,"16":1,"17":43,"18":43,"19":43,"20":43,"21":1,"22":1,"23":4,"24":4,"25":4,"26":4,"27":1,"28":1,"29":12,"30":12,"31":12,"32":12,"33":12,"34":12,"35":12,"36":12},"branchMap":{"0":{"type":"branch","line":7,"loc":{"start":{"line":7,"column":20},"end":{"line":15,"column":2}},"locations":[{"start":{"line":7,"column":20},"end":{"line":15,"column":2}}]},"1":{"type":"branch","line":9,"loc":{"start":{"line":9,"column":36},"end":{"line":14,"column":3}},"locations":[{"start":{"line":9,"column":36},"end":{"line":14,"column":3}}]},"2":{"type":"branch","line":10,"loc":{"start":{"line":10,"column":39},"end":{"line":12,"column":11}},"locations":[{"start":{"line":10,"column":39},"end":{"line":12,"column":11}}]},"3":{"type":"branch","line":12,"loc":{"start":{"line":12,"column":2},"end":{"line":14,"column":3}},"locations":[{"start":{"line":12,"column":2},"end":{"line":14,"column":3}}]},"4":{"type":"branch","line":17,"loc":{"start":{"line":17,"column":26},"end":{"line":21,"column":2}},"locations":[{"start":{"line":17,"column":26},"end":{"line":21,"column":2}}]},"5":{"type":"branch","line":23,"loc":{"start":{"line":23,"column":32},"end":{"line":27,"column":2}},"locations":[{"start":{"line":23,"column":32},"end":{"line":27,"column":2}}]},"6":{"type":"branch","line":29,"loc":{"start":{"line":29,"column":34},"end":{"line":37,"column":2}},"locations":[{"start":{"line":29,"column":34},"end":{"line":37,"column":2}}]}},"b":{"0":[59],"1":[56],"2":[55],"3":[1],"4":[43],"5":[4],"6":[12]},"fnMap":{"0":{"name":"makeRequest","decl":{"start":{"line":7,"column":20},"end":{"line":15,"column":2}},"loc":{"start":{"line":7,"column":20},"end":{"line":15,"column":2}},"line":7},"1":{"name":"getPokemon","decl":{"start":{"line":17,"column":26},"end":{"line":21,"column":2}},"loc":{"start":{"line":17,"column":26},"end":{"line":21,"column":2}},"line":17},"2":{"name":"getPokemonByName","decl":{"start":{"line":23,"column":32},"end":{"line":27,"column":2}},"loc":{"start":{"line":23,"column":32},"end":{"line":27,"column":2}},"line":23},"3":{"name":"getPokemonsPerPage","decl":{"start":{"line":29,"column":34},"end":{"line":37,"column":2}},"loc":{"start":{"line":29,"column":34},"end":{"line":37,"column":2}},"line":29}},"f":{"0":59,"1":43,"2":4,"3":12}}
,"D:\\React-2023-Q4\\pokemons\\src\\tests\\data\\allPokemons.tsx": {"path":"D:\\React-2023-Q4\\pokemons\\src\\tests\\data\\allPokemons.tsx","all":false,"statementMap":{"0":{"start":{"line":1,"column":0},"end":{"line":1,"column":29}},"1":{"start":{"line":2,"column":0},"end":{"line":2,"column":16}},"2":{"start":{"line":3,"column":0},"end":{"line":3,"column":15}},"3":{"start":{"line":4,"column":0},"end":{"line":4,"column":75}},"4":{"start":{"line":5,"column":0},"end":{"line":5,"column":73}},"5":{"start":{"line":6,"column":0},"end":{"line":6,"column":73}},"6":{"start":{"line":7,"column":0},"end":{"line":7,"column":3}},"7":{"start":{"line":8,"column":0},"end":{"line":8,"column":3}}},"s":{"0":1,"1":1,"2":1,"3":1,"4":1,"5":1,"6":1,"7":1},"branchMap":{},"b":{},"fnMap":{},"f":{}}
,"D:\\React-2023-Q4\\pokemons\\src\\tests\\data\\searchMock.tsx": {"path":"D:\\React-2023-Q4\\pokemons\\src\\tests\\data\\searchMock.tsx","all":false,"statementMap":{"0":{"start":{"line":1,"column":0},"end":{"line":1,"column":48}},"1":{"start":{"line":2,"column":0},"end":{"line":2,"column":44}},"2":{"start":{"line":3,"column":0},"end":{"line":3,"column":54}},"3":{"start":{"line":4,"column":0},"end":{"line":4,"column":54}},"4":{"start":{"line":5,"column":0},"end":{"line":5,"column":54}},"5":{"start":{"line":6,"column":0},"end":{"line":6,"column":28}},"6":{"start":{"line":7,"column":0},"end":{"line":7,"column":0}},"7":{"start":{"line":8,"column":0},"end":{"line":8,"column":33}},"8":{"start":{"line":9,"column":0},"end":{"line":9,"column":42}},"9":{"start":{"line":10,"column":0},"end":{"line":10,"column":28}},"10":{"start":{"line":11,"column":0},"end":{"line":11,"column":0}},"11":{"start":{"line":12,"column":0},"end":{"line":12,"column":21}},"12":{"start":{"line":13,"column":0},"end":{"line":13,"column":12}},"13":{"start":{"line":14,"column":0},"end":{"line":14,"column":74}},"14":{"start":{"line":15,"column":0},"end":{"line":15,"column":20}},"15":{"start":{"line":16,"column":0},"end":{"line":16,"column":79}},"16":{"start":{"line":17,"column":0},"end":{"line":17,"column":79}},"17":{"start":{"line":18,"column":0},"end":{"line":18,"column":79}},"18":{"start":{"line":19,"column":0},"end":{"line":19,"column":73}},"19":{"start":{"line":20,"column":0},"end":{"line":20,"column":20}},"20":{"start":{"line":21,"column":0},"end":{"line":21,"column":19}},"21":{"start":{"line":22,"column":0},"end":{"line":22,"column":6}},"22":{"start":{"line":23,"column":0},"end":{"line":23,"column":14}},"23":{"start":{"line":24,"column":0},"end":{"line":24,"column":78}},"24":{"start":{"line":25,"column":0},"end":{"line":25,"column":27}},"25":{"start":{"line":26,"column":0},"end":{"line":26,"column":77}},"26":{"start":{"line":27,"column":0},"end":{"line":27,"column":54}},"27":{"start":{"line":28,"column":0},"end":{"line":28,"column":77}},"28":{"start":{"line":29,"column":0},"end":{"line":29,"column":54}},"29":{"start":{"line":30,"column":0},"end":{"line":30,"column":77}},"30":{"start":{"line":31,"column":0},"end":{"line":31,"column":54}},"31":{"start":{"line":32,"column":0},"end":{"line":32,"column":17}},"32":{"start":{"line":33,"column":0},"end":{"line":33,"column":72}},"33":{"start":{"line":34,"column":0},"end":{"line":34,"column":9}},"34":{"start":{"line":35,"column":0},"end":{"line":35,"column":54}},"35":{"start":{"line":36,"column":0},"end":{"line":36,"column":7}},"36":{"start":{"line":37,"column":0},"end":{"line":37,"column":16}},"37":{"start":{"line":38,"column":0},"end":{"line":38,"column":5}},"38":{"start":{"line":39,"column":0},"end":{"line":39,"column":4}},"39":{"start":{"line":40,"column":0},"end":{"line":40,"column":2}}},"s":{"0":1,"1":1,"2":1,"3":1,"4":1,"5":1,"6":1,"7":1,"8":11,"9":11,"10":11,"11":11,"12":11,"13":54,"14":54,"15":54,"16":54,"17":26,"18":4,"19":4,"20":0,"21":54,"22":11,"23":54,"24":10,"25":54,"26":13,"27":44,"28":13,"29":21,"30":14,"31":14,"32":4,"33":4,"34":4,"35":4,"36":0,"37":54,"38":11,"39":11},"branchMap":{"0":{"type":"branch","line":8,"loc":{"start":{"line":8,"column":26},"end":{"line":40,"column":2}},"locations":[{"start":{"line":8,"column":26},"end":{"line":40,"column":2}}]},"1":{"type":"branch","line":13,"loc":{"start":{"line":13,"column":4},"end":{"line":22,"column":6}},"locations":[{"start":{"line":13,"column":4},"end":{"line":22,"column":6}}]},"2":{"type":"branch","line":15,"loc":{"start":{"line":15,"column":8},"end":{"line":15,"column":20}},"locations":[{"start":{"line":15,"column":8},"end":{"line":15,"column":20}}]},"3":{"type":"branch","line":15,"loc":{"start":{"line":15,"column":15},"end":{"line":16,"column":74}},"locations":[{"start":{"line":15,"column":15},"end":{"line":16,"column":74}}]},"4":{"type":"branch","line":16,"loc":{"start":{"line":16,"column":67},"end":{"line":16,"column":79}},"locations":[{"start":{"line":16,"column":67},"end":{"line":16,"column":79}}]},"5":{"type":"branch","line":16,"loc":{"start":{"line":16,"column":74},"end":{"line":17,"column":74}},"locations":[{"start":{"line":16,"column":74},"end":{"line":17,"column":74}}]},"6":{"type":"branch","line":17,"loc":{"start":{"line":17,"column":67},"end":{"line":18,"column":79}},"locations":[{"start":{"line":17,"column":67},"end":{"line":18,"column":79}}]},"7":{"type":"branch","line":17,"loc":{"start":{"line":17,"column":67},"end":{"line":17,"column":79}},"locations":[{"start":{"line":17,"column":67},"end":{"line":17,"column":79}}]},"8":{"type":"branch","line":17,"loc":{"start":{"line":17,"column":74},"end":{"line":18,"column":74}},"locations":[{"start":{"line":17,"column":74},"end":{"line":18,"column":74}}]},"9":{"type":"branch","line":18,"loc":{"start":{"line":18,"column":67},"end":{"line":18,"column":79}},"locations":[{"start":{"line":18,"column":67},"end":{"line":18,"column":79}}]},"10":{"type":"branch","line":18,"loc":{"start":{"line":18,"column":74},"end":{"line":21,"column":19}},"locations":[{"start":{"line":18,"column":74},"end":{"line":21,"column":19}}]},"11":{"type":"branch","line":18,"loc":{"start":{"line":18,"column":74},"end":{"line":20,"column":20}},"locations":[{"start":{"line":18,"column":74},"end":{"line":20,"column":20}}]},"12":{"type":"branch","line":20,"loc":{"start":{"line":20,"column":15},"end":{"line":21,"column":19}},"locations":[{"start":{"line":20,"column":15},"end":{"line":21,"column":19}}]},"13":{"type":"branch","line":23,"loc":{"start":{"line":23,"column":4},"end":{"line":38,"column":5}},"locations":[{"start":{"line":23,"column":4},"end":{"line":38,"column":5}}]},"14":{"type":"branch","line":24,"loc":{"start":{"line":24,"column":77},"end":{"line":26,"column":17}},"locations":[{"start":{"line":24,"column":77},"end":{"line":26,"column":17}}]},"15":{"type":"branch","line":26,"loc":{"start":{"line":26,"column":6},"end":{"line":36,"column":7}},"locations":[{"start":{"line":26,"column":6},"end":{"line":36,"column":7}}]},"16":{"type":"branch","line":26,"loc":{"start":{"line":26,"column":76},"end":{"line":28,"column":17}},"locations":[{"start":{"line":26,"column":76},"end":{"line":28,"column":17}}]},"17":{"type":"branch","line":28,"loc":{"start":{"line":28,"column":6},"end":{"line":36,"column":7}},"locations":[{"start":{"line":28,"column":6},"end":{"line":36,"column":7}}]},"18":{"type":"branch","line":28,"loc":{"start":{"line":28,"column":76},"end":{"line":36,"column":7}},"locations":[{"start":{"line":28,"column":76},"end":{"line":36,"column":7}}]},"19":{"type":"branch","line":28,"loc":{"start":{"line":28,"column":76},"end":{"line":30,"column":17}},"locations":[{"start":{"line":28,"column":76},"end":{"line":30,"column":17}}]},"20":{"type":"branch","line":30,"loc":{"start":{"line":30,"column":6},"end":{"line":36,"column":7}},"locations":[{"start":{"line":30,"column":6},"end":{"line":36,"column":7}}]},"21":{"type":"branch","line":30,"loc":{"start":{"line":30,"column":76},"end":{"line":32,"column":17}},"locations":[{"start":{"line":30,"column":76},"end":{"line":32,"column":17}}]},"22":{"type":"branch","line":32,"loc":{"start":{"line":32,"column":6},"end":{"line":36,"column":7}},"locations":[{"start":{"line":32,"column":6},"end":{"line":36,"column":7}}]},"23":{"type":"branch","line":36,"loc":{"start":{"line":36,"column":6},"end":{"line":37,"column":16}},"locations":[{"start":{"line":36,"column":6},"end":{"line":37,"column":16}}]}},"b":{"0":[11],"1":[54],"2":[10],"3":[44],"4":[13],"5":[31],"6":[26],"7":[13],"8":[18],"9":[14],"10":[16],"11":[4],"12":[0],"13":[54],"14":[10],"15":[44],"16":[13],"17":[31],"18":[21],"19":[13],"20":[18],"21":[14],"22":[4],"23":[0]},"fnMap":{"0":{"name":"searchMock","decl":{"start":{"line":8,"column":26},"end":{"line":40,"column":2}},"loc":{"start":{"line":8,"column":26},"end":{"line":40,"column":2}},"line":8}},"f":{"0":11}}
,"D:\\React-2023-Q4\\pokemons\\src\\utils\\numberOfPages.tsx": {"path":"D:\\React-2023-Q4\\pokemons\\src\\utils\\numberOfPages.tsx","all":false,"statementMap":{"0":{"start":{"line":1,"column":0},"end":{"line":1,"column":72}},"1":{"start":{"line":2,"column":0},"end":{"line":2,"column":39}},"2":{"start":{"line":3,"column":0},"end":{"line":3,"column":2}}},"s":{"0":1,"1":21,"2":21},"branchMap":{"0":{"type":"branch","line":1,"loc":{"start":{"line":1,"column":32},"end":{"line":3,"column":2}},"locations":[{"start":{"line":1,"column":32},"end":{"line":3,"column":2}}]}},"b":{"0":[21]},"fnMap":{"0":{"name":"getNumberOfPages","decl":{"start":{"line":1,"column":32},"end":{"line":3,"column":2}},"loc":{"start":{"line":1,"column":32},"end":{"line":3,"column":2}},"line":1}},"f":{"0":21}}
}
